Log file open, 06/16/23 14:51:46
LogWindows: Failed to load 'aqProf.dll' (GetLastError=126)
LogWindows: File 'aqProf.dll' does not exist
LogWindows: Failed to load 'VtuneApi.dll' (GetLastError=126)
LogWindows: File 'VtuneApi.dll' does not exist
LogWindows: Failed to load 'VtuneApi32e.dll' (GetLastError=126)
LogWindows: File 'VtuneApi32e.dll' does not exist
LogConsoleResponse: Display: Failed to find resolution value strings in scalability ini. Falling back to default.
LogConsoleResponse: Display: Failed to find resolution value strings in scalability ini. Falling back to default.
LogPakFile: Display: Found Pak file ../../../Vs/Content/Paks/Vs-WindowsServer.pak attempting to mount.
LogPakFile: Display: Mounting pak file ../../../Vs/Content/Paks/Vs-WindowsServer.pak.
LogPakFile: PakFile PrimaryIndexSize=33182
LogPakFile: PakFile PathHashIndexSize=52599
LogPakFile: PakFile FullDirectoryIndexSize=76758
LogShaderLibrary: Display: ShaderCodeLibraryPakFileMountedCallback: PakFile '../../../Vs/Content/Paks/Vs-WindowsServer.pak' (chunk index -1, root '../../../') mounted
LogShaderLibrary: Display: ShaderCodeLibraryPakFileMountedCallback: pending pak file info (ChunkID:-1 Root:../../../ File:../../../Vs/Content/Paks/Vs-WindowsServer.pak)
LogPakFile: OnPakFileMounted2Time == 0.000040
LogPlatformFile: Not using cached read wrapper
LogTaskGraph: Started task graph with 5 named threads and 9 total threads with 1 sets of task threads.
LogStats: Stats thread started at 0.064151
LogICUInternationalization: ICU TimeZone Detection - Raw Offset: +1:00, Platform Override: ''
LogInit: Display: Loading text-based GConfig....
LogPluginManager: Mounting plugin Paper2D
LogPluginManager: Mounting plugin AISupport
LogPluginManager: Mounting plugin EnvironmentQueryEditor
LogPluginManager: Mounting plugin LightPropagationVolume
LogPluginManager: Mounting plugin CameraShakePreviewer
LogPluginManager: Mounting plugin GameplayCameras
LogPluginManager: Mounting plugin TemplateSequence
LogPluginManager: Mounting plugin LevelSequenceEditor
LogPluginManager: Mounting plugin OodleData
LogPluginManager: Mounting plugin OodleNetwork
LogPluginManager: Mounting plugin AnimationSharing
LogPluginManager: Mounting plugin SignificanceManager
LogPluginManager: Mounting plugin PluginUtils
LogPluginManager: Mounting plugin PropertyAccessEditor
LogPluginManager: Mounting plugin UObjectPlugin
LogPluginManager: Mounting plugin AssetManagerEditor
LogPluginManager: Mounting plugin FacialAnimation
LogPluginManager: Mounting plugin GeometryMode
LogPluginManager: Mounting plugin SpeedTreeImporter
LogPluginManager: Mounting plugin DatasmithContent
LogPluginManager: Mounting plugin VariantManagerContent
LogPluginManager: Mounting plugin AlembicImporter
LogPluginManager: Mounting plugin GeometryCache
LogPluginManager: Mounting plugin AutomationUtils
LogPluginManager: Mounting plugin ScreenshotTools
LogPluginManager: Mounting plugin BackChannel
LogPluginManager: Mounting plugin ChaosClothEditor
LogPluginManager: Mounting plugin ChaosCloth
LogPluginManager: Mounting plugin ChaosEditor
LogPluginManager: Mounting plugin PlanarCut
LogPluginManager: Mounting plugin GeometryProcessing
LogPluginManager: Mounting plugin EditableMesh
LogPluginManager: Mounting plugin GeometryCollectionPlugin
LogPluginManager: Mounting plugin ProceduralMeshComponent
LogPluginManager: Mounting plugin ChaosSolverPlugin
LogPluginManager: Mounting plugin ChaosNiagara
LogPluginManager: Mounting plugin Niagara
LogPluginManager: Mounting plugin PythonScriptPlugin
LogPluginManager: Mounting plugin CharacterAI
LogPluginManager: Mounting plugin MotoSynth
LogPluginManager: Mounting plugin OpenImageDenoise
LogPluginManager: Mounting plugin PlatformCrypto
LogPluginManager: Mounting plugin MagicLeapPassableWorld
LogPluginManager: Mounting plugin MagicLeap
LogPluginManager: Mounting plugin MLSDK
LogPluginManager: Mounting plugin MagicLeapLightEstimation
LogPluginManager: Mounting plugin AvfMedia
LogPluginManager: Mounting plugin ImgMedia
LogPluginManager: Mounting plugin MediaCompositing
LogPluginManager: Mounting plugin MeshPainting
LogPluginManager: Mounting plugin TcpMessaging
LogPluginManager: Mounting plugin UdpMessaging
LogPluginManager: Mounting plugin ActorSequence
LogPluginManager: Mounting plugin MatineeToLevelSequence
LogPluginManager: Mounting plugin OnlineSubsystemNull
LogPluginManager: Mounting plugin OnlineSubsystem
LogPluginManager: Mounting plugin OnlineSubsystemUtils
LogPluginManager: Mounting plugin LauncherChunkInstaller
LogPluginManager: Mounting plugin ActorLayerUtilities
LogPluginManager: Mounting plugin AndroidPermission
LogPluginManager: Mounting plugin AppleImageUtils
LogPluginManager: Mounting plugin ArchVisCharacter
LogPluginManager: Mounting plugin AssetTags
LogPluginManager: Mounting plugin AudioCapture
LogPluginManager: Mounting plugin CableComponent
LogPluginManager: Mounting plugin ChunkDownloader
LogPluginManager: Mounting plugin CustomMeshComponent
LogPluginManager: Mounting plugin ExampleDeviceProfileSelector
LogPluginManager: Mounting plugin GooglePAD
LogPluginManager: Mounting plugin LocationServicesBPLibrary
LogPluginManager: Mounting plugin MobilePatchingUtils
LogPluginManager: Mounting plugin OculusVR
LogPluginManager: Mounting plugin OpenXREyeTracker
LogPluginManager: Mounting plugin OpenXR
LogPluginManager: Mounting plugin OpenXRHandTracking
LogPluginManager: Mounting plugin LiveLink
LogPluginManager: Mounting plugin Takes
LogPluginManager: Mounting plugin PhysXVehicles
LogPluginManager: Mounting plugin RuntimePhysXCooking
LogPluginManager: Mounting plugin SoundFields
LogPluginManager: Mounting plugin SteamVR
LogPluginManager: Mounting plugin Synthesis
LogPluginManager: Mounting plugin AudioSynesthesia
LogPluginManager: Mounting plugin WindowsMoviePlayer
LogLuminAPIImpl: Warning: MLSDK not found.  This likely means the MLSDK environment variable is not set.
LogInit: Using libcurl 7.55.1-DEV
LogInit:  - built for x86_64-pc-win32
LogInit:  - supports SSL with OpenSSL/1.1.1
LogInit:  - supports HTTP deflate (compression) using libz 1.2.8
LogInit:  - other features:
LogInit:      CURL_VERSION_SSL
LogInit:      CURL_VERSION_LIBZ
LogInit:      CURL_VERSION_IPV6
LogInit:      CURL_VERSION_ASYNCHDNS
LogInit:      CURL_VERSION_LARGEFILE
LogInit:      CURL_VERSION_IDN
LogInit:  CurlRequestOptions (configurable via config and command line):
LogInit:  - bVerifyPeer = true  - Libcurl will verify peer certificate
LogInit:  - bUseHttpProxy = false  - Libcurl will NOT use HTTP proxy
LogInit:  - bDontReuseConnections = false  - Libcurl will reuse connections
LogInit:  - MaxHostConnections = 16  - Libcurl will limit the number of connections to a host
LogInit:  - LocalHostAddr = Default
LogInit:  - BufferSize = 65536
LogOnline: OSS: Creating online subsystem instance for: NULL
LogInit: WinSock: version 1.1 (2.2), MaxSocks=32767, MaxUdp=65467
LogOnline: OSS: TryLoadSubsystemAndSetDefault: Loaded subsystem for module [NULL]
LogInit: Build: ++UE4+Release-4.27-CL-0
LogInit: Engine Version: 4.27.2-0+++UE4+Release-4.27
LogInit: Compatible Engine Version: 4.27.0-0+++UE4+Release-4.27
LogInit: Net CL: 0
LogInit: OS: Windows 10 (Release 2009) (), CPU: AMD Ryzen 7 5800X 8-Core Processor             , GPU: Microsoft Remote Display Adapter
LogInit: Compiled (64-bit): Jun 16 2023 14:40:23
LogInit: Compiled with Visual C++: 19.29.30151.00
LogInit: Build Configuration: Development
LogInit: Branch Name: ++UE4+Release-4.27
LogInit: Command Line:  -log
LogInit: Base Directory: D:/UE4/Vs/Game/Unreal/Releases/WindowsServer/Vs/Binaries/Win64/
LogInit: Allocator: binned2
LogInit: Installed Engine Build: 0
LogDevObjectVersion: Number of dev versions registered: 29
LogDevObjectVersion:   Dev-Blueprints (B0D832E4-1F89-4F0D-ACCF-7EB736FD4AA2): 10
LogDevObjectVersion:   Dev-Build (E1C64328-A22C-4D53-A36C-8E866417BD8C): 0
LogDevObjectVersion:   Dev-Core (375EC13C-06E4-48FB-B500-84F0262A717E): 4
LogDevObjectVersion:   Dev-Editor (E4B068ED-F494-42E9-A231-DA0B2E46BB41): 40
LogDevObjectVersion:   Dev-Framework (CFFC743F-43B0-4480-9391-14DF171D2073): 37
LogDevObjectVersion:   Dev-Mobile (B02B49B5-BB20-44E9-A304-32B752E40360): 3
LogDevObjectVersion:   Dev-Networking (A4E4105C-59A1-49B5-A7C5-40C4547EDFEE): 0
LogDevObjectVersion:   Dev-Online (39C831C9-5AE6-47DC-9A44-9C173E1C8E7C): 0
LogDevObjectVersion:   Dev-Physics (78F01B33-EBEA-4F98-B9B4-84EACCB95AA2): 14
LogDevObjectVersion:   Dev-Platform (6631380F-2D4D-43E0-8009-CF276956A95A): 0
LogDevObjectVersion:   Dev-Rendering (12F88B9F-8875-4AFC-A67C-D90C383ABD29): 45
LogDevObjectVersion:   Dev-Sequencer (7B5AE74C-D270-4C10-A958-57980B212A5A): 13
LogDevObjectVersion:   Dev-VR (D7296918-1DD6-4BDD-9DE2-64A83CC13884): 3
LogDevObjectVersion:   Dev-LoadTimes (C2A15278-BFE7-4AFE-6C17-90FF531DF755): 1
LogDevObjectVersion:   Private-Geometry (6EACA3D4-40EC-4CC1-B786-8BED09428FC5): 3
LogDevObjectVersion:   Dev-AnimPhys (29E575DD-E0A3-4627-9D10-D276232CDCEA): 17
LogDevObjectVersion:   Dev-Anim (AF43A65D-7FD3-4947-9873-3E8ED9C1BB05): 15
LogDevObjectVersion:   Dev-ReflectionCapture (6B266CEC-1EC7-4B8F-A30B-E4D90942FC07): 1
LogDevObjectVersion:   Dev-Automation (0DF73D61-A23F-47EA-B727-89E90C41499A): 1
LogDevObjectVersion:   FortniteMain (601D1886-AC64-4F84-AA16-D3DE0DEAC7D6): 47
LogDevObjectVersion:   FortniteRelease (E7086368-6B23-4C58-8439-1B7016265E91): 1
LogDevObjectVersion:   Dev-Enterprise (9DFFBCD6-494F-0158-E221-12823C92A888): 10
LogDevObjectVersion:   Dev-Niagara (F2AED0AC-9AFE-416F-8664-AA7FFA26D6FC): 1
LogDevObjectVersion:   Dev-Destruction (174F1F0B-B4C6-45A5-B13F-2EE8D0FB917D): 10
LogDevObjectVersion:   Dev-Physics-Ext (35F94A83-E258-406C-A318-09F59610247C): 41
LogDevObjectVersion:   Dev-PhysicsMaterial-Chaos (B68FC16E-8B1B-42E2-B453-215C058844FE): 1
LogDevObjectVersion:   Dev-CineCamera (B2E18506-4273-CFC2-A54E-F4BB758BBA07): 1
LogDevObjectVersion:   Dev-VirtualProduction (64F58936-FD1B-42BA-BA96-7289D5D0FA4E): 1
LogDevObjectVersion:   Dev-MediaFramework (6F0ED827-A609-4895-9C91-998D90180EA4): 2
LogInit: Presizing for max 2097152 objects, including 1 objects not considered by GC, pre-allocating 0 bytes for permanent pool.
LogConfig: Applying CVar settings from Section [/Script/Engine.StreamingSettings] File [../../../Vs/Saved/Config/WindowsServer/Engine.ini]
LogConfig: Setting CVar [[s.MinBulkDataSizeForAsyncLoading:131072]]
LogConfig: Setting CVar [[s.AsyncLoadingThreadEnabled:0]]
LogConfig: Setting CVar [[s.EventDrivenLoaderEnabled:1]]
LogConfig: Setting CVar [[s.WarnIfTimeLimitExceeded:0]]
LogConfig: Setting CVar [[s.TimeLimitExceededMultiplier:1.5]]
LogConfig: Setting CVar [[s.TimeLimitExceededMinTime:0.005]]
LogConfig: Setting CVar [[s.UseBackgroundLevelStreaming:1]]
LogConfig: Setting CVar [[s.PriorityAsyncLoadingExtraTime:15.0]]
LogConfig: Setting CVar [[s.LevelStreamingActorsUpdateTimeLimit:5.0]]
LogConfig: Setting CVar [[s.PriorityLevelStreamingActorsUpdateExtraTime:5.0]]
LogConfig: Setting CVar [[s.LevelStreamingComponentsRegistrationGranularity:10]]
LogConfig: Setting CVar [[s.UnregisterComponentsTimeLimit:1.0]]
LogConfig: Setting CVar [[s.LevelStreamingComponentsUnregistrationGranularity:5]]
LogConfig: Setting CVar [[s.FlushStreamingOnExit:1]]
LogStreaming: Display: Async Loading initialized: Event Driven Loader: true, Async Loading Thread: false, Async Post Load: false
LogInit: Object subsystem initialized
LogConfig: Setting CVar [[con.DebugEarlyDefault:1]]
LogConfig: Setting CVar [[r.setres:1280x720]]
LogConfig: Setting CVar [[fx.NiagaraAllowRuntimeScalabilityChanges:1]]
[2023.06.16-12.51.46:905][  0]LogConfig: Setting CVar [[con.DebugEarlyDefault:1]]
[2023.06.16-12.51.46:905][  0]LogConfig: Setting CVar [[r.setres:1280x720]]
[2023.06.16-12.51.46:907][  0]LogConfig: Setting CVar [[fx.NiagaraAllowRuntimeScalabilityChanges:1]]
[2023.06.16-12.51.46:909][  0]LogConfig: Applying CVar settings from Section [/Script/Engine.RendererSettings] File [../../../Vs/Saved/Config/WindowsServer/Engine.ini]
[2023.06.16-12.51.46:909][  0]LogConfig: Setting CVar [[r.GPUCrashDebugging:0]]
[2023.06.16-12.51.46:910][  0]LogConfig: Applying CVar settings from Section [/Script/Engine.RendererOverrideSettings] File [../../../Vs/Saved/Config/WindowsServer/Engine.ini]
[2023.06.16-12.51.46:910][  0]LogConfig: Applying CVar settings from Section [/Script/Engine.StreamingSettings] File [../../../Vs/Saved/Config/WindowsServer/Engine.ini]
[2023.06.16-12.51.46:910][  0]LogConfig: Setting CVar [[s.MinBulkDataSizeForAsyncLoading:131072]]
[2023.06.16-12.51.46:911][  0]LogConfig: Setting CVar [[s.AsyncLoadingThreadEnabled:0]]
[2023.06.16-12.51.46:911][  0]LogConfig: Setting CVar [[s.EventDrivenLoaderEnabled:1]]
[2023.06.16-12.51.46:912][  0]LogConfig: Setting CVar [[s.WarnIfTimeLimitExceeded:0]]
[2023.06.16-12.51.46:912][  0]LogConfig: Setting CVar [[s.TimeLimitExceededMultiplier:1.5]]
[2023.06.16-12.51.46:914][  0]LogConfig: Setting CVar [[s.TimeLimitExceededMinTime:0.005]]
[2023.06.16-12.51.46:915][  0]LogConfig: Setting CVar [[s.UseBackgroundLevelStreaming:1]]
[2023.06.16-12.51.46:915][  0]LogConfig: Setting CVar [[s.PriorityAsyncLoadingExtraTime:15.0]]
[2023.06.16-12.51.46:915][  0]LogConfig: Setting CVar [[s.LevelStreamingActorsUpdateTimeLimit:5.0]]
[2023.06.16-12.51.46:916][  0]LogConfig: Setting CVar [[s.PriorityLevelStreamingActorsUpdateExtraTime:5.0]]
[2023.06.16-12.51.46:916][  0]LogConfig: Setting CVar [[s.LevelStreamingComponentsRegistrationGranularity:10]]
[2023.06.16-12.51.46:916][  0]LogConfig: Setting CVar [[s.UnregisterComponentsTimeLimit:1.0]]
[2023.06.16-12.51.46:917][  0]LogConfig: Setting CVar [[s.LevelStreamingComponentsUnregistrationGranularity:5]]
[2023.06.16-12.51.46:917][  0]LogConfig: Setting CVar [[s.FlushStreamingOnExit:1]]
[2023.06.16-12.51.46:917][  0]LogConfig: Applying CVar settings from Section [/Script/Engine.GarbageCollectionSettings] File [../../../Vs/Saved/Config/WindowsServer/Engine.ini]
[2023.06.16-12.51.46:918][  0]LogConfig: Setting CVar [[gc.MaxObjectsNotConsideredByGC:1]]
[2023.06.16-12.51.46:918][  0]LogConfig: Setting CVar [[gc.SizeOfPermanentObjectPool:0]]
[2023.06.16-12.51.46:918][  0]LogConfig: Setting CVar [[gc.FlushStreamingOnGC:0]]
[2023.06.16-12.51.46:919][  0]LogConfig: Setting CVar [[gc.NumRetriesBeforeForcingGC:10]]
[2023.06.16-12.51.46:919][  0]LogConfig: Setting CVar [[gc.AllowParallelGC:1]]
[2023.06.16-12.51.46:920][  0]LogConfig: Setting CVar [[gc.TimeBetweenPurgingPendingKillObjects:61.1]]
[2023.06.16-12.51.46:921][  0]LogConfig: Setting CVar [[gc.MaxObjectsInEditor:25165824]]
[2023.06.16-12.51.46:922][  0]LogConfig: Setting CVar [[gc.IncrementalBeginDestroyEnabled:1]]
[2023.06.16-12.51.46:922][  0]LogConfig: Setting CVar [[gc.CreateGCClusters:1]]
[2023.06.16-12.51.46:922][  0]LogConfig: Setting CVar [[gc.MinGCClusterSize:5]]
[2023.06.16-12.51.46:923][  0]LogConfig: Setting CVar [[gc.ActorClusteringEnabled:0]]
[2023.06.16-12.51.46:924][  0]LogConfig: Setting CVar [[gc.BlueprintClusteringEnabled:0]]
[2023.06.16-12.51.46:925][  0]LogConfig: Setting CVar [[gc.UseDisregardForGCOnDedicatedServers:0]]
[2023.06.16-12.51.46:926][  0]LogConfig: Setting CVar [[gc.MultithreadedDestructionEnabled:1]]
[2023.06.16-12.51.46:926][  0]LogConfig: Applying CVar settings from Section [/Script/Engine.NetworkSettings] File [../../../Vs/Saved/Config/WindowsServer/Engine.ini]
[2023.06.16-12.51.46:927][  0]LogConfig: Applying CVar settings from Section [ViewDistanceQuality@3] File [../../../Vs/Saved/Config/WindowsServer/Scalability.ini]
[2023.06.16-12.51.46:927][  0]LogConfig: Setting CVar [[r.SkeletalMeshLODBias:0]]
[2023.06.16-12.51.46:927][  0]LogConfig: Setting CVar [[r.ViewDistanceScale:1.0]]
[2023.06.16-12.51.46:928][  0]LogConfig: Applying CVar settings from Section [AntiAliasingQuality@3] File [../../../Vs/Saved/Config/WindowsServer/Scalability.ini]
[2023.06.16-12.51.46:928][  0]LogConfig: Setting CVar [[r.PostProcessAAQuality:4]]
[2023.06.16-12.51.46:929][  0]LogConfig: Applying CVar settings from Section [ShadowQuality@3] File [../../../Vs/Saved/Config/WindowsServer/Scalability.ini]
[2023.06.16-12.51.46:929][  0]LogConfig: Setting CVar [[r.LightFunctionQuality:1]]
[2023.06.16-12.51.46:930][  0]LogConfig: Setting CVar [[r.ShadowQuality:5]]
[2023.06.16-12.51.46:930][  0]LogConfig: Setting CVar [[r.Shadow.CSM.MaxCascades:10]]
[2023.06.16-12.51.46:932][  0]LogConfig: Setting CVar [[r.Shadow.MaxResolution:2048]]
[2023.06.16-12.51.46:934][  0]LogConfig: Setting CVar [[r.Shadow.MaxCSMResolution:2048]]
[2023.06.16-12.51.46:935][  0]LogConfig: Setting CVar [[r.Shadow.RadiusThreshold:0.01]]
[2023.06.16-12.51.46:936][  0]LogConfig: Setting CVar [[r.Shadow.DistanceScale:1.0]]
[2023.06.16-12.51.46:936][  0]LogConfig: Setting CVar [[r.Shadow.CSM.TransitionScale:1.0]]
[2023.06.16-12.51.46:936][  0]LogConfig: Setting CVar [[r.Shadow.PreShadowResolutionFactor:1.0]]
[2023.06.16-12.51.46:937][  0]LogConfig: Setting CVar [[r.DistanceFieldShadowing:1]]
[2023.06.16-12.51.46:937][  0]LogConfig: Setting CVar [[r.DistanceFieldAO:1]]
[2023.06.16-12.51.46:938][  0]LogConfig: Setting CVar [[r.AOQuality:2]]
[2023.06.16-12.51.46:938][  0]LogConfig: Setting CVar [[r.VolumetricFog:1]]
[2023.06.16-12.51.46:938][  0]LogConfig: Setting CVar [[r.VolumetricFog.GridPixelSize:8]]
[2023.06.16-12.51.46:939][  0]LogConfig: Setting CVar [[r.VolumetricFog.GridSizeZ:128]]
[2023.06.16-12.51.46:939][  0]LogConfig: Setting CVar [[r.VolumetricFog.HistoryMissSupersampleCount:4]]
[2023.06.16-12.51.46:940][  0]LogConfig: Setting CVar [[r.LightMaxDrawDistanceScale:1]]
[2023.06.16-12.51.46:940][  0]LogConfig: Setting CVar [[r.CapsuleShadows:1]]
[2023.06.16-12.51.46:940][  0]LogConfig: Applying CVar settings from Section [PostProcessQuality@3] File [../../../Vs/Saved/Config/WindowsServer/Scalability.ini]
[2023.06.16-12.51.46:941][  0]LogConfig: Setting CVar [[r.MotionBlurQuality:4]]
[2023.06.16-12.51.46:941][  0]LogConfig: Setting CVar [[r.AmbientOcclusionMipLevelFactor:0.4]]
[2023.06.16-12.51.46:942][  0]LogConfig: Setting CVar [[r.AmbientOcclusionMaxQuality:100]]
[2023.06.16-12.51.46:943][  0]LogConfig: Setting CVar [[r.AmbientOcclusionLevels:-1]]
[2023.06.16-12.51.46:943][  0]LogConfig: Setting CVar [[r.AmbientOcclusionRadiusScale:1.0]]
[2023.06.16-12.51.46:945][  0]LogConfig: Setting CVar [[r.DepthOfFieldQuality:2]]
[2023.06.16-12.51.46:945][  0]LogConfig: Setting CVar [[r.RenderTargetPoolMin:400]]
[2023.06.16-12.51.46:946][  0]LogConfig: Setting CVar [[r.LensFlareQuality:2]]
[2023.06.16-12.51.46:946][  0]LogConfig: Setting CVar [[r.SceneColorFringeQuality:1]]
[2023.06.16-12.51.46:946][  0]LogConfig: Setting CVar [[r.EyeAdaptationQuality:2]]
[2023.06.16-12.51.46:947][  0]LogConfig: Setting CVar [[r.BloomQuality:5]]
[2023.06.16-12.51.46:947][  0]LogConfig: Setting CVar [[r.FastBlurThreshold:100]]
[2023.06.16-12.51.46:947][  0]LogConfig: Setting CVar [[r.Upscale.Quality:3]]
[2023.06.16-12.51.46:948][  0]LogConfig: Setting CVar [[r.Tonemapper.GrainQuantization:1]]
[2023.06.16-12.51.46:948][  0]LogConfig: Setting CVar [[r.LightShaftQuality:1]]
[2023.06.16-12.51.46:949][  0]LogConfig: Setting CVar [[r.Filter.SizeScale:1]]
[2023.06.16-12.51.46:949][  0]LogConfig: Setting CVar [[r.Tonemapper.Quality:5]]
[2023.06.16-12.51.46:949][  0]LogConfig: Setting CVar [[r.DOF.Gather.AccumulatorQuality:1        ; higher gathering accumulator quality]]
[2023.06.16-12.51.46:950][  0]LogConfig: Setting CVar [[r.DOF.Gather.PostfilterMethod:1          ; Median3x3 postfilering method]]
[2023.06.16-12.51.46:950][  0]LogConfig: Setting CVar [[r.DOF.Gather.EnableBokehSettings:0       ; no bokeh simulation when gathering]]
[2023.06.16-12.51.46:951][  0]LogConfig: Setting CVar [[r.DOF.Gather.RingCount:4                 ; medium number of samples when gathering]]
[2023.06.16-12.51.46:951][  0]LogConfig: Setting CVar [[r.DOF.Scatter.ForegroundCompositing:1    ; additive foreground scattering]]
[2023.06.16-12.51.46:951][  0]LogConfig: Setting CVar [[r.DOF.Scatter.BackgroundCompositing:2    ; additive background scattering]]
[2023.06.16-12.51.46:952][  0]LogConfig: Setting CVar [[r.DOF.Scatter.EnableBokehSettings:1      ; bokeh simulation when scattering]]
[2023.06.16-12.51.46:953][  0]LogConfig: Setting CVar [[r.DOF.Scatter.MaxSpriteRatio:0.1         ; only a maximum of 10% of scattered bokeh]]
[2023.06.16-12.51.46:954][  0]LogConfig: Setting CVar [[r.DOF.Recombine.Quality:1                ; cheap slight out of focus]]
[2023.06.16-12.51.46:955][  0]LogConfig: Setting CVar [[r.DOF.Recombine.EnableBokehSettings:0    ; no bokeh simulation on slight out of focus]]
[2023.06.16-12.51.46:955][  0]LogConfig: Setting CVar [[r.DOF.TemporalAAQuality:1                ; more stable temporal accumulation]]
[2023.06.16-12.51.46:955][  0]LogConfig: Setting CVar [[r.DOF.Kernel.MaxForegroundRadius:0.025]]
[2023.06.16-12.51.46:956][  0]LogConfig: Setting CVar [[r.DOF.Kernel.MaxBackgroundRadius:0.025]]
[2023.06.16-12.51.46:956][  0]LogConfig: Applying CVar settings from Section [TextureQuality@3] File [../../../Vs/Saved/Config/WindowsServer/Scalability.ini]
[2023.06.16-12.51.46:956][  0]LogConfig: Setting CVar [[r.Streaming.MipBias:0]]
[2023.06.16-12.51.46:957][  0]LogConfig: Setting CVar [[r.Streaming.AmortizeCPUToGPUCopy:0]]
[2023.06.16-12.51.46:957][  0]LogConfig: Setting CVar [[r.Streaming.MaxNumTexturesToStreamPerFrame:0]]
[2023.06.16-12.51.46:958][  0]LogConfig: Setting CVar [[r.Streaming.Boost:1]]
[2023.06.16-12.51.46:958][  0]LogConfig: Setting CVar [[r.MaxAnisotropy:8]]
[2023.06.16-12.51.46:958][  0]LogConfig: Setting CVar [[r.VT.MaxAnisotropy:8]]
[2023.06.16-12.51.46:959][  0]LogConfig: Setting CVar [[r.Streaming.LimitPoolSizeToVRAM:0]]
[2023.06.16-12.51.46:959][  0]LogConfig: Setting CVar [[r.Streaming.PoolSize:1000]]
[2023.06.16-12.51.46:959][  0]LogConfig: Setting CVar [[r.Streaming.MaxEffectiveScreenSize:0]]
[2023.06.16-12.51.46:960][  0]LogConfig: Applying CVar settings from Section [EffectsQuality@3] File [../../../Vs/Saved/Config/WindowsServer/Scalability.ini]
[2023.06.16-12.51.46:961][  0]LogConfig: Setting CVar [[r.TranslucencyLightingVolumeDim:64]]
[2023.06.16-12.51.46:961][  0]LogConfig: Setting CVar [[r.RefractionQuality:2]]
[2023.06.16-12.51.46:965][  0]LogConfig: Setting CVar [[r.SSR.Quality:3]]
[2023.06.16-12.51.46:966][  0]LogConfig: Setting CVar [[r.SSR.HalfResSceneColor:0]]
[2023.06.16-12.51.46:968][  0]LogConfig: Setting CVar [[r.SceneColorFormat:4]]
[2023.06.16-12.51.46:968][  0]LogConfig: Setting CVar [[r.DetailMode:2]]
[2023.06.16-12.51.46:969][  0]LogConfig: Setting CVar [[r.TranslucencyVolumeBlur:1]]
[2023.06.16-12.51.46:970][  0]LogConfig: Setting CVar [[r.MaterialQualityLevel:1 ; High quality]]
[2023.06.16-12.51.46:970][  0]LogConfig: Setting CVar [[r.AnisotropicMaterials:1]]
[2023.06.16-12.51.46:971][  0]LogConfig: Setting CVar [[r.SSS.Scale:1]]
[2023.06.16-12.51.46:971][  0]LogConfig: Setting CVar [[r.SSS.SampleSet:2]]
[2023.06.16-12.51.46:971][  0]LogConfig: Setting CVar [[r.SSS.Quality:1]]
[2023.06.16-12.51.46:972][  0]LogConfig: Setting CVar [[r.SSS.HalfRes:0]]
[2023.06.16-12.51.46:972][  0]LogConfig: Setting CVar [[r.SSGI.Quality:3]]
[2023.06.16-12.51.46:973][  0]LogConfig: Setting CVar [[r.EmitterSpawnRateScale:1.0]]
[2023.06.16-12.51.46:973][  0]LogConfig: Setting CVar [[r.ParticleLightQuality:2]]
[2023.06.16-12.51.46:974][  0]LogConfig: Setting CVar [[r.SkyAtmosphere.AerialPerspectiveLUT.FastApplyOnOpaque:1 ; Always have FastSkyLUT 1 in this case to avoid wrong sky]]
[2023.06.16-12.51.46:974][  0]LogConfig: Setting CVar [[r.SkyAtmosphere.AerialPerspectiveLUT.SampleCountMaxPerSlice:4]]
[2023.06.16-12.51.46:974][  0]LogConfig: Setting CVar [[r.SkyAtmosphere.AerialPerspectiveLUT.DepthResolution:16.0]]
[2023.06.16-12.51.46:976][  0]LogConfig: Setting CVar [[r.SkyAtmosphere.FastSkyLUT:1]]
[2023.06.16-12.51.46:976][  0]LogConfig: Setting CVar [[r.SkyAtmosphere.FastSkyLUT.SampleCountMin:4.0]]
[2023.06.16-12.51.46:976][  0]LogConfig: Setting CVar [[r.SkyAtmosphere.FastSkyLUT.SampleCountMax:128.0]]
[2023.06.16-12.51.46:977][  0]LogConfig: Setting CVar [[r.SkyAtmosphere.SampleCountMin:4.0]]
[2023.06.16-12.51.46:977][  0]LogConfig: Setting CVar [[r.SkyAtmosphere.SampleCountMax:128.0]]
[2023.06.16-12.51.46:977][  0]LogConfig: Setting CVar [[r.SkyAtmosphere.TransmittanceLUT.UseSmallFormat:0]]
[2023.06.16-12.51.46:978][  0]LogConfig: Setting CVar [[r.SkyAtmosphere.TransmittanceLUT.SampleCount:10.0]]
[2023.06.16-12.51.46:978][  0]LogConfig: Setting CVar [[r.SkyAtmosphere.MultiScatteringLUT.SampleCount:15.0]]
[2023.06.16-12.51.46:978][  0]LogConfig: Setting CVar [[r.SkyLight.RealTimeReflectionCapture:1]]
[2023.06.16-12.51.46:979][  0]LogConfig: Setting CVar [[fx.Niagara.QualityLevel:3]]
[2023.06.16-12.51.46:979][  0]LogConfig: Applying CVar settings from Section [FoliageQuality@3] File [../../../Vs/Saved/Config/WindowsServer/Scalability.ini]
[2023.06.16-12.51.46:980][  0]LogConfig: Setting CVar [[foliage.DensityScale:1.0]]
[2023.06.16-12.51.46:980][  0]LogConfig: Setting CVar [[grass.DensityScale:1.0]]
[2023.06.16-12.51.46:980][  0]LogConfig: Applying CVar settings from Section [ShadingQuality@3] File [../../../Vs/Saved/Config/WindowsServer/Scalability.ini]
[2023.06.16-12.51.46:981][  0]LogConfig: Setting CVar [[r.HairStrands.SkyLighting.IntegrationType:2]]
[2023.06.16-12.51.46:982][  0]LogConfig: Setting CVar [[r.HairStrands.SkyAO.SampleCount:4]]
[2023.06.16-12.51.46:982][  0]LogConfig: Setting CVar [[r.HairStrands.Visibility.MSAA.SamplePerPixel:4]]
[2023.06.16-12.51.46:983][  0]LogInit: Selected Device Profile: [WindowsServer]
[2023.06.16-12.51.46:983][  0]LogInit: Applying CVar settings loaded from the selected device profile: [WindowsServer]
[2023.06.16-12.51.46:983][  0]LogHAL: Display: Platform has ~ 32 GB [34282242048 / 34359738368 / 32], which maps to Largest [LargestMinGB=32, LargerMinGB=12, DefaultMinGB=8, SmallerMinGB=6, SmallestMinGB=0)
[2023.06.16-12.51.46:984][  0]LogInit: Going up to parent DeviceProfile [Windows]
[2023.06.16-12.51.46:985][  0]LogInit: Going up to parent DeviceProfile []
[2023.06.16-12.51.46:986][  0]LogConfig: Applying CVar settings from Section [ViewDistanceQuality@3] File [../../../Vs/Saved/Config/WindowsServer/Scalability.ini]
[2023.06.16-12.51.46:987][  0]LogConfig: Setting CVar [[r.SkeletalMeshLODBias:0]]
[2023.06.16-12.51.46:987][  0]LogConfig: Setting CVar [[r.ViewDistanceScale:1.0]]
[2023.06.16-12.51.46:987][  0]LogConfig: Applying CVar settings from Section [AntiAliasingQuality@3] File [../../../Vs/Saved/Config/WindowsServer/Scalability.ini]
[2023.06.16-12.51.46:988][  0]LogConfig: Setting CVar [[r.PostProcessAAQuality:4]]
[2023.06.16-12.51.46:988][  0]LogConfig: Applying CVar settings from Section [ShadowQuality@3] File [../../../Vs/Saved/Config/WindowsServer/Scalability.ini]
[2023.06.16-12.51.46:989][  0]LogConfig: Setting CVar [[r.LightFunctionQuality:1]]
[2023.06.16-12.51.46:989][  0]LogConfig: Setting CVar [[r.ShadowQuality:5]]
[2023.06.16-12.51.46:989][  0]LogConfig: Setting CVar [[r.Shadow.CSM.MaxCascades:10]]
[2023.06.16-12.51.46:990][  0]LogConfig: Setting CVar [[r.Shadow.MaxResolution:2048]]
[2023.06.16-12.51.46:990][  0]LogConfig: Setting CVar [[r.Shadow.MaxCSMResolution:2048]]
[2023.06.16-12.51.46:990][  0]LogConfig: Setting CVar [[r.Shadow.RadiusThreshold:0.01]]
[2023.06.16-12.51.46:991][  0]LogConfig: Setting CVar [[r.Shadow.DistanceScale:1.0]]
[2023.06.16-12.51.46:991][  0]LogConfig: Setting CVar [[r.Shadow.CSM.TransitionScale:1.0]]
[2023.06.16-12.51.46:991][  0]LogConfig: Setting CVar [[r.Shadow.PreShadowResolutionFactor:1.0]]
[2023.06.16-12.51.46:991][  0]LogConfig: Setting CVar [[r.DistanceFieldShadowing:1]]
[2023.06.16-12.51.46:992][  0]LogConfig: Setting CVar [[r.DistanceFieldAO:1]]
[2023.06.16-12.51.46:994][  0]LogConfig: Setting CVar [[r.AOQuality:2]]
[2023.06.16-12.51.46:999][  0]LogConfig: Setting CVar [[r.VolumetricFog:1]]
[2023.06.16-12.51.46:999][  0]LogConfig: Setting CVar [[r.VolumetricFog.GridPixelSize:8]]
[2023.06.16-12.51.46:999][  0]LogConfig: Setting CVar [[r.VolumetricFog.GridSizeZ:128]]
[2023.06.16-12.51.47:000][  0]LogConfig: Setting CVar [[r.VolumetricFog.HistoryMissSupersampleCount:4]]
[2023.06.16-12.51.47:001][  0]LogConfig: Setting CVar [[r.LightMaxDrawDistanceScale:1]]
[2023.06.16-12.51.47:001][  0]LogConfig: Setting CVar [[r.CapsuleShadows:1]]
[2023.06.16-12.51.47:001][  0]LogConfig: Applying CVar settings from Section [PostProcessQuality@3] File [../../../Vs/Saved/Config/WindowsServer/Scalability.ini]
[2023.06.16-12.51.47:002][  0]LogConfig: Setting CVar [[r.MotionBlurQuality:4]]
[2023.06.16-12.51.47:002][  0]LogConfig: Setting CVar [[r.AmbientOcclusionMipLevelFactor:0.4]]
[2023.06.16-12.51.47:002][  0]LogConfig: Setting CVar [[r.AmbientOcclusionMaxQuality:100]]
[2023.06.16-12.51.47:002][  0]LogConfig: Setting CVar [[r.AmbientOcclusionLevels:-1]]
[2023.06.16-12.51.47:002][  0]LogConfig: Setting CVar [[r.AmbientOcclusionRadiusScale:1.0]]
[2023.06.16-12.51.47:002][  0]LogConfig: Setting CVar [[r.DepthOfFieldQuality:2]]
[2023.06.16-12.51.47:003][  0]LogConfig: Setting CVar [[r.RenderTargetPoolMin:400]]
[2023.06.16-12.51.47:003][  0]LogConfig: Setting CVar [[r.LensFlareQuality:2]]
[2023.06.16-12.51.47:003][  0]LogConfig: Setting CVar [[r.SceneColorFringeQuality:1]]
[2023.06.16-12.51.47:003][  0]LogConfig: Setting CVar [[r.EyeAdaptationQuality:2]]
[2023.06.16-12.51.47:003][  0]LogConfig: Setting CVar [[r.BloomQuality:5]]
[2023.06.16-12.51.47:003][  0]LogConfig: Setting CVar [[r.FastBlurThreshold:100]]
[2023.06.16-12.51.47:003][  0]LogConfig: Setting CVar [[r.Upscale.Quality:3]]
[2023.06.16-12.51.47:003][  0]LogConfig: Setting CVar [[r.Tonemapper.GrainQuantization:1]]
[2023.06.16-12.51.47:003][  0]LogConfig: Setting CVar [[r.LightShaftQuality:1]]
[2023.06.16-12.51.47:003][  0]LogConfig: Setting CVar [[r.Filter.SizeScale:1]]
[2023.06.16-12.51.47:003][  0]LogConfig: Setting CVar [[r.Tonemapper.Quality:5]]
[2023.06.16-12.51.47:003][  0]LogConfig: Setting CVar [[r.DOF.Gather.AccumulatorQuality:1        ; higher gathering accumulator quality]]
[2023.06.16-12.51.47:003][  0]LogConfig: Setting CVar [[r.DOF.Gather.PostfilterMethod:1          ; Median3x3 postfilering method]]
[2023.06.16-12.51.47:004][  0]LogConfig: Setting CVar [[r.DOF.Gather.EnableBokehSettings:0       ; no bokeh simulation when gathering]]
[2023.06.16-12.51.47:004][  0]LogConfig: Setting CVar [[r.DOF.Gather.RingCount:4                 ; medium number of samples when gathering]]
[2023.06.16-12.51.47:005][  0]LogConfig: Setting CVar [[r.DOF.Scatter.ForegroundCompositing:1    ; additive foreground scattering]]
[2023.06.16-12.51.47:006][  0]LogConfig: Setting CVar [[r.DOF.Scatter.BackgroundCompositing:2    ; additive background scattering]]
[2023.06.16-12.51.47:007][  0]LogConfig: Setting CVar [[r.DOF.Scatter.EnableBokehSettings:1      ; bokeh simulation when scattering]]
[2023.06.16-12.51.47:007][  0]LogConfig: Setting CVar [[r.DOF.Scatter.MaxSpriteRatio:0.1         ; only a maximum of 10% of scattered bokeh]]
[2023.06.16-12.51.47:008][  0]LogConfig: Setting CVar [[r.DOF.Recombine.Quality:1                ; cheap slight out of focus]]
[2023.06.16-12.51.47:009][  0]LogConfig: Setting CVar [[r.DOF.Recombine.EnableBokehSettings:0    ; no bokeh simulation on slight out of focus]]
[2023.06.16-12.51.47:009][  0]LogConfig: Setting CVar [[r.DOF.TemporalAAQuality:1                ; more stable temporal accumulation]]
[2023.06.16-12.51.47:009][  0]LogConfig: Setting CVar [[r.DOF.Kernel.MaxForegroundRadius:0.025]]
[2023.06.16-12.51.47:010][  0]LogConfig: Setting CVar [[r.DOF.Kernel.MaxBackgroundRadius:0.025]]
[2023.06.16-12.51.47:010][  0]LogConfig: Applying CVar settings from Section [TextureQuality@3] File [../../../Vs/Saved/Config/WindowsServer/Scalability.ini]
[2023.06.16-12.51.47:011][  0]LogConfig: Setting CVar [[r.Streaming.MipBias:0]]
[2023.06.16-12.51.47:011][  0]LogConfig: Setting CVar [[r.Streaming.AmortizeCPUToGPUCopy:0]]
[2023.06.16-12.51.47:011][  0]LogConfig: Setting CVar [[r.Streaming.MaxNumTexturesToStreamPerFrame:0]]
[2023.06.16-12.51.47:011][  0]LogConfig: Setting CVar [[r.Streaming.Boost:1]]
[2023.06.16-12.51.47:011][  0]LogConfig: Setting CVar [[r.MaxAnisotropy:8]]
[2023.06.16-12.51.47:012][  0]LogConfig: Setting CVar [[r.VT.MaxAnisotropy:8]]
[2023.06.16-12.51.47:013][  0]LogConfig: Setting CVar [[r.Streaming.LimitPoolSizeToVRAM:0]]
[2023.06.16-12.51.47:013][  0]LogConfig: Setting CVar [[r.Streaming.PoolSize:1000]]
[2023.06.16-12.51.47:013][  0]LogConfig: Setting CVar [[r.Streaming.MaxEffectiveScreenSize:0]]
[2023.06.16-12.51.47:014][  0]LogConfig: Applying CVar settings from Section [EffectsQuality@3] File [../../../Vs/Saved/Config/WindowsServer/Scalability.ini]
[2023.06.16-12.51.47:014][  0]LogConfig: Setting CVar [[r.TranslucencyLightingVolumeDim:64]]
[2023.06.16-12.51.47:015][  0]LogConfig: Setting CVar [[r.RefractionQuality:2]]
[2023.06.16-12.51.47:016][  0]LogConfig: Setting CVar [[r.SSR.Quality:3]]
[2023.06.16-12.51.47:017][  0]LogConfig: Setting CVar [[r.SSR.HalfResSceneColor:0]]
[2023.06.16-12.51.47:017][  0]LogConfig: Setting CVar [[r.SceneColorFormat:4]]
[2023.06.16-12.51.47:017][  0]LogConfig: Setting CVar [[r.DetailMode:2]]
[2023.06.16-12.51.47:018][  0]LogConfig: Setting CVar [[r.TranslucencyVolumeBlur:1]]
[2023.06.16-12.51.47:018][  0]LogConfig: Setting CVar [[r.MaterialQualityLevel:1 ; High quality]]
[2023.06.16-12.51.47:018][  0]LogConfig: Setting CVar [[r.AnisotropicMaterials:1]]
[2023.06.16-12.51.47:019][  0]LogConfig: Setting CVar [[r.SSS.Scale:1]]
[2023.06.16-12.51.47:019][  0]LogConfig: Setting CVar [[r.SSS.SampleSet:2]]
[2023.06.16-12.51.47:020][  0]LogConfig: Setting CVar [[r.SSS.Quality:1]]
[2023.06.16-12.51.47:020][  0]LogConfig: Setting CVar [[r.SSS.HalfRes:0]]
[2023.06.16-12.51.47:020][  0]LogConfig: Setting CVar [[r.SSGI.Quality:3]]
[2023.06.16-12.51.47:021][  0]LogConfig: Setting CVar [[r.EmitterSpawnRateScale:1.0]]
[2023.06.16-12.51.47:021][  0]LogConfig: Setting CVar [[r.ParticleLightQuality:2]]
[2023.06.16-12.51.47:021][  0]LogConfig: Setting CVar [[r.SkyAtmosphere.AerialPerspectiveLUT.FastApplyOnOpaque:1 ; Always have FastSkyLUT 1 in this case to avoid wrong sky]]
[2023.06.16-12.51.47:022][  0]LogConfig: Setting CVar [[r.SkyAtmosphere.AerialPerspectiveLUT.SampleCountMaxPerSlice:4]]
[2023.06.16-12.51.47:022][  0]LogConfig: Setting CVar [[r.SkyAtmosphere.AerialPerspectiveLUT.DepthResolution:16.0]]
[2023.06.16-12.51.47:023][  0]LogConfig: Setting CVar [[r.SkyAtmosphere.FastSkyLUT:1]]
[2023.06.16-12.51.47:023][  0]LogConfig: Setting CVar [[r.SkyAtmosphere.FastSkyLUT.SampleCountMin:4.0]]
[2023.06.16-12.51.47:023][  0]LogConfig: Setting CVar [[r.SkyAtmosphere.FastSkyLUT.SampleCountMax:128.0]]
[2023.06.16-12.51.47:024][  0]LogConfig: Setting CVar [[r.SkyAtmosphere.SampleCountMin:4.0]]
[2023.06.16-12.51.47:024][  0]LogConfig: Setting CVar [[r.SkyAtmosphere.SampleCountMax:128.0]]
[2023.06.16-12.51.47:025][  0]LogConfig: Setting CVar [[r.SkyAtmosphere.TransmittanceLUT.UseSmallFormat:0]]
[2023.06.16-12.51.47:027][  0]LogConfig: Setting CVar [[r.SkyAtmosphere.TransmittanceLUT.SampleCount:10.0]]
[2023.06.16-12.51.47:028][  0]LogConfig: Setting CVar [[r.SkyAtmosphere.MultiScatteringLUT.SampleCount:15.0]]
[2023.06.16-12.51.47:028][  0]LogConfig: Setting CVar [[r.SkyLight.RealTimeReflectionCapture:1]]
[2023.06.16-12.51.47:028][  0]LogConfig: Setting CVar [[fx.Niagara.QualityLevel:3]]
[2023.06.16-12.51.47:029][  0]LogConfig: Applying CVar settings from Section [FoliageQuality@3] File [../../../Vs/Saved/Config/WindowsServer/Scalability.ini]
[2023.06.16-12.51.47:029][  0]LogConfig: Setting CVar [[foliage.DensityScale:1.0]]
[2023.06.16-12.51.47:030][  0]LogConfig: Setting CVar [[grass.DensityScale:1.0]]
[2023.06.16-12.51.47:030][  0]LogConfig: Applying CVar settings from Section [ShadingQuality@3] File [../../../Vs/Saved/Config/WindowsServer/Scalability.ini]
[2023.06.16-12.51.47:031][  0]LogConfig: Setting CVar [[r.HairStrands.SkyLighting.IntegrationType:2]]
[2023.06.16-12.51.47:031][  0]LogConfig: Setting CVar [[r.HairStrands.SkyAO.SampleCount:4]]
[2023.06.16-12.51.47:031][  0]LogConfig: Setting CVar [[r.HairStrands.Visibility.MSAA.SamplePerPixel:4]]
[2023.06.16-12.51.47:032][  0]LogConfig: Applying CVar settings from Section [Startup] File [../../../Engine/Config/ConsoleVariables.ini]
[2023.06.16-12.51.47:032][  0]LogConfig: Setting CVar [[net.UseAdaptiveNetUpdateFrequency:0]]
[2023.06.16-12.51.47:032][  0]LogConfig: Setting CVar [[p.chaos.AllowCreatePhysxBodies:1]]
[2023.06.16-12.51.47:033][  0]LogConfig: Setting CVar [[fx.SkipVectorVMBackendOptimizations:1]]
[2023.06.16-12.51.47:033][  0]LogConfig: Applying CVar settings from Section [ConsoleVariables] File [../../../Vs/Saved/Config/WindowsServer/Engine.ini]
[2023.06.16-12.51.47:034][  0]LogInit: Computer: IAS-1268
[2023.06.16-12.51.47:035][  0]LogInit: User: WenboMT3502
[2023.06.16-12.51.47:036][  0]LogInit: CPU Page size=4096, Cores=8
[2023.06.16-12.51.47:036][  0]LogInit: High frequency timer resolution =10.000000 MHz
[2023.06.16-12.51.47:037][  0]LogMemory: Memory total: Physical=31.9GB (32GB approx)
[2023.06.16-12.51.47:037][  0]LogMemory: Platform Memory Stats for WindowsServer
[2023.06.16-12.51.47:037][  0]LogMemory: Process Physical Memory: 76.09 MB used, 76.10 MB peak
[2023.06.16-12.51.47:037][  0]LogMemory: Process Virtual Memory: 76.06 MB used, 76.06 MB peak
[2023.06.16-12.51.47:038][  0]LogMemory: Physical Memory: 19655.87 MB used,  13038.22 MB free, 32694.09 MB total
[2023.06.16-12.51.47:038][  0]LogMemory: Virtual Memory: 134207112.00 MB used,  10615.46 MB free, 134217728.00 MB total
[2023.06.16-12.51.47:043][  0]LogWindows: WindowsPlatformFeatures disabled or dedicated server build
[2023.06.16-12.51.47:165][  0]LogInit: Physics initialised using underlying interface: PhysX
[2023.06.16-12.51.47:165][  0]LogInit: Using OS detected language (en-US).
[2023.06.16-12.51.47:166][  0]LogInit: Using OS detected locale (en-DE).
[2023.06.16-12.51.47:167][  0]LogTextLocalizationManager: No specific localization for 'en-US' exists, so the 'en' localization will be used.
[2023.06.16-12.51.47:182][  0]LogRendererCore: Ray tracing is disabled. Reason: r.RayTracing=0.
[2023.06.16-12.51.47:183][  0]LogODSC: ODSC Thread active.
[2023.06.16-12.51.47:187][  0]LogInit: Using OS detected language (en-US).
[2023.06.16-12.51.47:187][  0]LogInit: Using OS detected locale (en-DE).
[2023.06.16-12.51.47:187][  0]LogTextLocalizationManager: No localization for 'en-US' exists, so 'en' will be used for the language.
[2023.06.16-12.51.47:188][  0]LogTextLocalizationManager: No localization for 'en-DE' exists, so 'en' will be used for the locale.
[2023.06.16-12.51.47:189][  0]LogTextLocalizationManager: Compacting localization data took   0.47ms
[2023.06.16-12.51.47:189][  0]LogAssetRegistry: FAssetRegistry took 0.0006 seconds to start up
[2023.06.16-12.51.47:236][  0]LogStreaming: Display: FlushAsyncLoading: 1 QueuedPackages, 0 AsyncPackages
[2023.06.16-12.51.47:237][  0]LogPackageLocalizationCache: Processed 26 localized package path(s) for 1 prioritized culture(s) in 0.000086 seconds
[2023.06.16-12.51.47:237][  0]LogPakFile: New pak file ../../../Vs/Content/Paks/Vs-WindowsServer.pak added to pak precacher.
[2023.06.16-12.51.47:239][  0]LogInit: Selected Device Profile: [WindowsServer]
[2023.06.16-12.51.47:239][  0]LogInit: Active device profile: [000002249AFA07C0][00000224974CDB70 49] WindowsServer
[2023.06.16-12.51.47:239][  0]LogInit: Profiles: [000002249AFA0940][00000224995F6DC0 49] Windows, [000002249AFA07C0][00000224974CDB70 49] WindowsServer, 
[2023.06.16-12.51.47:245][  0]LogSerialization: Display: AllowBulkDataInIoStore: 'true'
[2023.06.16-12.51.47:249][  0]LogNetVersion: Vs 1.0.0, NetCL: 0, EngineNetVer: 17, GameNetVer: 0 (Checksum: 2642858735)
[2023.06.16-12.51.47:265][  0]LogAudioCaptureCore: Display: No Audio Capture implementations found. Audio input will be silent.
[2023.06.16-12.51.47:265][  0]LogAudioCaptureCore: Display: No Audio Capture implementations found. Audio input will be silent.
[2023.06.16-12.51.47:267][  0]LogHMD: PokeAHoleMaterial loaded successfully
[2023.06.16-12.51.47:286][  0]LogUObjectArray: 15918 objects as part of root set at end of initial load.
[2023.06.16-12.51.47:286][  0]LogUObjectAllocator: 3293720 out of 0 bytes used by permanent object pool.
[2023.06.16-12.51.47:287][  0]LogUObjectArray: CloseDisregardForGC: 15918/0 objects in disregard for GC pool
[2023.06.16-12.51.47:305][  0]LogNiagaraDebuggerClient: Niagara Debugger Client Initialized | Session: B51D00BF4395A9D8CABB84815A3114E3 | Instance: 6BDCB07F4D407ECBCD7F159EA39140EC (IAS-1268-6308).
[2023.06.16-12.51.47:307][  0]LogAndroidPermission: UAndroidPermissionCallbackProxy::GetInstance
[2023.06.16-12.51.47:307][  0]LogOcInput: OculusInput pre-init called
[2023.06.16-12.51.47:308][  0]LogEngine: Initializing Engine...
[2023.06.16-12.51.47:308][  0]LogStats: UGameplayTagsManager::InitializeManager -  0.000 s
[2023.06.16-12.51.47:312][  0]LogInit: Initializing FReadOnlyCVARCache
[2023.06.16-12.51.47:312][  0]LogNetVersion: Set ProjectVersion to 1.0.0.0. Version Checksum will be recalculated on next use.
[2023.06.16-12.51.47:313][  0]LogInit: Texture streaming: Disabled
[2023.06.16-12.51.47:318][  0]LogInit: Display: Game Engine Initialized.
[2023.06.16-12.51.47:318][  0]LogInit: Display: Starting Game.
[2023.06.16-12.51.47:318][  0]LogNet: Browse: /Engine/Maps/Entry?Name=Player
[2023.06.16-12.51.47:319][  0]LogLoad: LoadMap: /Engine/Maps/Entry?Name=Player
[2023.06.16-12.51.47:319][  0]LogWorld: BeginTearingDown for /Temp/Untitled_0
[2023.06.16-12.51.47:322][  0]LogWorld: UWorld::CleanupWorld for Untitled, bSessionEnded=true, bCleanupResources=true
[2023.06.16-12.51.47:323][  0]LogUObjectHash: Compacting FUObjectHashTables data took   0.48ms
[2023.06.16-12.51.47:325][  0]LogAIModule: Creating AISystem for world Entry
[2023.06.16-12.51.47:325][  0]LogLoad: Game class is 'VsGameMode'
[2023.06.16-12.51.47:326][  0]LogNet: ReplicationDriverClass is null! Not using ReplicationDriver.
[2023.06.16-12.51.47:326][  0]LogNetCore: DDoS detection status: detection enabled: 0 analytics enabled: 0
[2023.06.16-12.51.47:327][  0]LogInit: WinSock: Socket queue. Rx: 131072 (config 131072) Tx: 131072 (config 131072)
[2023.06.16-12.51.47:327][  0]LogNet: Created socket for bind address: 0.0.0.0 on port 7777
[2023.06.16-12.51.47:327][  0]PacketHandlerLog: Loaded PacketHandler component: Engine.EngineHandlerComponentFactory (StatelessConnectHandlerComponent)
[2023.06.16-12.51.47:328][  0]LogNet: GameNetDriver IpNetDriver_2147482567 IpNetDriver listening on port 7777
[2023.06.16-12.51.47:328][  0]LogWorld: Bringing World /Engine/Maps/Entry.Entry up for play (max tick rate 30) at 2023.06.16-14.51.47
[2023.06.16-12.51.47:329][  0]LogWorld: Bringing up level for play took: 0.000569
[2023.06.16-12.51.47:329][  0]LogLoad: Took 0.009848 seconds to LoadMap(/Engine/Maps/Entry)
[2023.06.16-12.51.47:329][  0]LogPakFile: AllPaks IndexSizes: DirectoryHashSize=259532, PathHashSize=16, EntriesSize=36864, TotalSize=296412
[2023.06.16-12.51.47:329][  0]LogInit: Display: Engine is initialized. Leaving FEngineLoop::Init()
[2023.06.16-12.51.47:330][  0]LogLoad: (Engine Initialization) Total time: 0.78 seconds
[2023.06.16-12.57.52:102][940]LogNet: NotifyAcceptingConnection accepted from: 127.0.0.1:63982
[2023.06.16-12.57.52:102][940]LogHandshake: SendConnectChallenge. Timestamp: 364.772400, Cookie: 175016023194175196040089236012037048100154173181094024223231
[2023.06.16-12.57.52:136][941]LogNet: NotifyAcceptingConnection accepted from: 127.0.0.1:63982
[2023.06.16-12.57.52:136][941]LogHandshake: SendChallengeAck. InCookie: 175016023194175196040089236012037048100154173181094024223231
[2023.06.16-12.57.52:136][941]LogNet: Server accepting post-challenge connection from: 127.0.0.1:63982
[2023.06.16-12.57.52:137][941]PacketHandlerLog: Loaded PacketHandler component: Engine.EngineHandlerComponentFactory (StatelessConnectHandlerComponent)
[2023.06.16-12.57.52:137][941]LogNet: NotifyAcceptedConnection: Name: Entry, TimeStamp: 06/16/23 14:57:52, [UNetConnection] RemoteAddr: 127.0.0.1:63982, Name: IpConnection_2147482561, Driver: GameNetDriver IpNetDriver_2147482567, IsServer: YES, PC: NULL, Owner: NULL, UniqueId: INVALID
[2023.06.16-12.57.52:137][941]LogNet: AddClientConnection: Added client connection: [UNetConnection] RemoteAddr: 127.0.0.1:63982, Name: IpConnection_2147482561, Driver: GameNetDriver IpNetDriver_2147482567, IsServer: YES, PC: NULL, Owner: NULL, UniqueId: INVALID
[2023.06.16-12.57.52:169][942]LogNet: NotifyAcceptingChannel Control 0 server World /Engine/Maps/Entry.Entry: Accepted
[2023.06.16-12.57.52:169][942]LogNet: Remote platform little endian=1
[2023.06.16-12.57.52:169][942]LogNet: This platform little endian=1
[2023.06.16-12.57.52:169][942]LogNetVersion: Vs 1.0.0.0, NetCL: 0, EngineNetVer: 17, GameNetVer: 0 (Checksum: 597677488)
[2023.06.16-12.57.52:202][943]LogNet: Login request: ?Name=IAS-1268-0A74B5D84093568805B7E6A17F84038A userId: NULL:IAS-1268-0A74B5D84093568805B7E6A17F84038A platform: NULL
[2023.06.16-12.57.52:235][944]LogNet: Client netspeed is 100000
[2023.06.16-12.57.52:268][945]LogNet: Join request: /Engine/Maps/Entry?Name=IAS-1268-0A74B5D84093568805B7E6A17F84038A?SplitscreenCount=1
[2023.06.16-12.57.52:268][945]LogOnlineSession: Warning: OSS: No game present to join for session (GameSession)
[2023.06.16-12.57.52:271][945]LogNet: Join succeeded: IAS-1268-0A74B5D8409
[2023.06.16-12.58.32:035][146]LogNetPackageMap: Warning: Using None instead of replicated reference to PlayerStart /Game/FirstPersonCPP/Maps/FirstPersonExampleMap.FirstPersonExampleMap:PersistentLevel.NetworkPlayerStart because the level it's in has not been made visible
[2023.06.16-12.58.32:036][146]LogNet: UChannel::ReceivedSequencedBunch: Bunch.bClose == true. ChIndex == 0. Calling ConditionalCleanUp.
[2023.06.16-12.58.32:036][146]LogNet: UChannel::CleanUp: ChIndex == 0. Closing connection. [UChannel] ChIndex: 0, Closing: 0 [UNetConnection] RemoteAddr: 127.0.0.1:63982, Name: IpConnection_2147482561, Driver: GameNetDriver IpNetDriver_2147482567, IsServer: YES, PC: PlayerController_2147482557, Owner: PlayerController_2147482557, UniqueId: NULL:IAS-1268-0A74B5D84093568805B7E6A17F84038A
[2023.06.16-12.58.32:037][146]LogNet: UNetConnection::Close: [UNetConnection] RemoteAddr: 127.0.0.1:63982, Name: IpConnection_2147482561, Driver: GameNetDriver IpNetDriver_2147482567, IsServer: YES, PC: PlayerController_2147482557, Owner: PlayerController_2147482557, UniqueId: NULL:IAS-1268-0A74B5D84093568805B7E6A17F84038A, Channels: 8, Time: 2023.06.16-12.58.32
[2023.06.16-12.58.32:037][146]LogNet: UChannel::Close: Sending CloseBunch. ChIndex == 0. Name: [UChannel] ChIndex: 0, Closing: 0 [UNetConnection] RemoteAddr: 127.0.0.1:63982, Name: IpConnection_2147482561, Driver: GameNetDriver IpNetDriver_2147482567, IsServer: YES, PC: PlayerController_2147482557, Owner: PlayerController_2147482557, UniqueId: NULL:IAS-1268-0A74B5D84093568805B7E6A17F84038A
[2023.06.16-12.58.32:038][146]LogOnlineSession: Warning: OSS: No game present to leave for session (GameSession)
