Log file open, 06/16/23 15:08:45
LogWindows: Failed to load 'aqProf.dll' (GetLastError=126)
LogWindows: File 'aqProf.dll' does not exist
LogWindows: Failed to load 'VtuneApi.dll' (GetLastError=126)
LogWindows: File 'VtuneApi.dll' does not exist
LogWindows: Failed to load 'VtuneApi32e.dll' (GetLastError=126)
LogWindows: File 'VtuneApi32e.dll' does not exist
LogConsoleResponse: Display: Failed to find resolution value strings in scalability ini. Falling back to default.
LogConsoleResponse: Display: Failed to find resolution value strings in scalability ini. Falling back to default.
LogPakFile: Display: Found Pak file ../../../Vs/Content/Paks/Vs-WindowsServer.pak attempting to mount.
LogPakFile: Display: Mounting pak file ../../../Vs/Content/Paks/Vs-WindowsServer.pak.
LogPakFile: PakFile PrimaryIndexSize=24482
LogPakFile: PakFile PathHashIndexSize=45663
LogPakFile: PakFile FullDirectoryIndexSize=58598
LogShaderLibrary: Display: ShaderCodeLibraryPakFileMountedCallback: PakFile '../../../Vs/Content/Paks/Vs-WindowsServer.pak' (chunk index -1, root '../../../') mounted
LogShaderLibrary: Display: ShaderCodeLibraryPakFileMountedCallback: pending pak file info (ChunkID:-1 Root:../../../ File:../../../Vs/Content/Paks/Vs-WindowsServer.pak)
LogPakFile: OnPakFileMounted2Time == 0.000021
LogPlatformFile: Not using cached read wrapper
LogTaskGraph: Started task graph with 5 named threads and 9 total threads with 1 sets of task threads.
LogStats: Stats thread started at 0.057706
LogICUInternationalization: ICU TimeZone Detection - Raw Offset: +1:00, Platform Override: ''
LogInit: Display: Loading text-based GConfig....
LogPluginManager: Mounting plugin Paper2D
LogPluginManager: Mounting plugin AISupport
LogPluginManager: Mounting plugin EnvironmentQueryEditor
LogPluginManager: Mounting plugin LightPropagationVolume
LogPluginManager: Mounting plugin CameraShakePreviewer
LogPluginManager: Mounting plugin GameplayCameras
LogPluginManager: Mounting plugin TemplateSequence
LogPluginManager: Mounting plugin LevelSequenceEditor
LogPluginManager: Mounting plugin OodleData
LogPluginManager: Mounting plugin OodleNetwork
LogPluginManager: Mounting plugin AnimationSharing
LogPluginManager: Mounting plugin SignificanceManager
LogPluginManager: Mounting plugin PluginUtils
LogPluginManager: Mounting plugin PropertyAccessEditor
LogPluginManager: Mounting plugin UObjectPlugin
LogPluginManager: Mounting plugin AssetManagerEditor
LogPluginManager: Mounting plugin FacialAnimation
LogPluginManager: Mounting plugin GeometryMode
LogPluginManager: Mounting plugin SpeedTreeImporter
LogPluginManager: Mounting plugin DatasmithContent
LogPluginManager: Mounting plugin VariantManagerContent
LogPluginManager: Mounting plugin AlembicImporter
LogPluginManager: Mounting plugin GeometryCache
LogPluginManager: Mounting plugin AutomationUtils
LogPluginManager: Mounting plugin ScreenshotTools
LogPluginManager: Mounting plugin BackChannel
LogPluginManager: Mounting plugin ChaosClothEditor
LogPluginManager: Mounting plugin ChaosCloth
LogPluginManager: Mounting plugin ChaosEditor
LogPluginManager: Mounting plugin PlanarCut
LogPluginManager: Mounting plugin GeometryProcessing
LogPluginManager: Mounting plugin EditableMesh
LogPluginManager: Mounting plugin GeometryCollectionPlugin
LogPluginManager: Mounting plugin ProceduralMeshComponent
LogPluginManager: Mounting plugin ChaosSolverPlugin
LogPluginManager: Mounting plugin ChaosNiagara
LogPluginManager: Mounting plugin Niagara
LogPluginManager: Mounting plugin PythonScriptPlugin
LogPluginManager: Mounting plugin CharacterAI
LogPluginManager: Mounting plugin MotoSynth
LogPluginManager: Mounting plugin OpenImageDenoise
LogPluginManager: Mounting plugin PlatformCrypto
LogPluginManager: Mounting plugin MagicLeapPassableWorld
LogPluginManager: Mounting plugin MagicLeap
LogPluginManager: Mounting plugin MLSDK
LogPluginManager: Mounting plugin MagicLeapLightEstimation
LogPluginManager: Mounting plugin AvfMedia
LogPluginManager: Mounting plugin ImgMedia
LogPluginManager: Mounting plugin MediaCompositing
LogPluginManager: Mounting plugin MeshPainting
LogPluginManager: Mounting plugin TcpMessaging
LogPluginManager: Mounting plugin UdpMessaging
LogPluginManager: Mounting plugin ActorSequence
LogPluginManager: Mounting plugin MatineeToLevelSequence
LogPluginManager: Mounting plugin OnlineSubsystemNull
LogPluginManager: Mounting plugin OnlineSubsystem
LogPluginManager: Mounting plugin OnlineSubsystemUtils
LogPluginManager: Mounting plugin LauncherChunkInstaller
LogPluginManager: Mounting plugin ActorLayerUtilities
LogPluginManager: Mounting plugin AndroidPermission
LogPluginManager: Mounting plugin AppleImageUtils
LogPluginManager: Mounting plugin ArchVisCharacter
LogPluginManager: Mounting plugin AssetTags
LogPluginManager: Mounting plugin AudioCapture
LogPluginManager: Mounting plugin CableComponent
LogPluginManager: Mounting plugin ChunkDownloader
LogPluginManager: Mounting plugin CustomMeshComponent
LogPluginManager: Mounting plugin ExampleDeviceProfileSelector
LogPluginManager: Mounting plugin GooglePAD
LogPluginManager: Mounting plugin LocationServicesBPLibrary
LogPluginManager: Mounting plugin MobilePatchingUtils
LogPluginManager: Mounting plugin OculusVR
LogPluginManager: Mounting plugin OpenXREyeTracker
LogPluginManager: Mounting plugin OpenXR
LogPluginManager: Mounting plugin OpenXRHandTracking
LogPluginManager: Mounting plugin LiveLink
LogPluginManager: Mounting plugin Takes
LogPluginManager: Mounting plugin PhysXVehicles
LogPluginManager: Mounting plugin RuntimePhysXCooking
LogPluginManager: Mounting plugin SoundFields
LogPluginManager: Mounting plugin SteamVR
LogPluginManager: Mounting plugin Synthesis
LogPluginManager: Mounting plugin AudioSynesthesia
LogPluginManager: Mounting plugin WindowsMoviePlayer
LogLuminAPIImpl: Warning: MLSDK not found.  This likely means the MLSDK environment variable is not set.
LogInit: Using libcurl 7.55.1-DEV
LogInit:  - built for x86_64-pc-win32
LogInit:  - supports SSL with OpenSSL/1.1.1
LogInit:  - supports HTTP deflate (compression) using libz 1.2.8
LogInit:  - other features:
LogInit:      CURL_VERSION_SSL
LogInit:      CURL_VERSION_LIBZ
LogInit:      CURL_VERSION_IPV6
LogInit:      CURL_VERSION_ASYNCHDNS
LogInit:      CURL_VERSION_LARGEFILE
LogInit:      CURL_VERSION_IDN
LogInit:  CurlRequestOptions (configurable via config and command line):
LogInit:  - bVerifyPeer = true  - Libcurl will verify peer certificate
LogInit:  - bUseHttpProxy = false  - Libcurl will NOT use HTTP proxy
LogInit:  - bDontReuseConnections = false  - Libcurl will reuse connections
LogInit:  - MaxHostConnections = 16  - Libcurl will limit the number of connections to a host
LogInit:  - LocalHostAddr = Default
LogInit:  - BufferSize = 65536
LogOnline: OSS: Creating online subsystem instance for: NULL
LogInit: WinSock: version 1.1 (2.2), MaxSocks=32767, MaxUdp=65467
LogOnline: OSS: TryLoadSubsystemAndSetDefault: Loaded subsystem for module [NULL]
LogInit: Build: ++UE4+Release-4.27-CL-0
LogInit: Engine Version: 4.27.2-0+++UE4+Release-4.27
LogInit: Compatible Engine Version: 4.27.0-0+++UE4+Release-4.27
LogInit: Net CL: 0
LogInit: OS: Windows 10 (Release 2009) (), CPU: AMD Ryzen 7 5800X 8-Core Processor             , GPU: Microsoft Remote Display Adapter
LogInit: Compiled (64-bit): Jun 16 2023 14:40:23
LogInit: Compiled with Visual C++: 19.29.30151.00
LogInit: Build Configuration: Development
LogInit: Branch Name: ++UE4+Release-4.27
LogInit: Command Line:  -log
LogInit: Base Directory: D:/UE4/Vs/Game/Unreal/Releases/WindowsServer/Vs/Binaries/Win64/
LogInit: Allocator: binned2
LogInit: Installed Engine Build: 0
LogDevObjectVersion: Number of dev versions registered: 29
LogDevObjectVersion:   Dev-Blueprints (B0D832E4-1F89-4F0D-ACCF-7EB736FD4AA2): 10
LogDevObjectVersion:   Dev-Build (E1C64328-A22C-4D53-A36C-8E866417BD8C): 0
LogDevObjectVersion:   Dev-Core (375EC13C-06E4-48FB-B500-84F0262A717E): 4
LogDevObjectVersion:   Dev-Editor (E4B068ED-F494-42E9-A231-DA0B2E46BB41): 40
LogDevObjectVersion:   Dev-Framework (CFFC743F-43B0-4480-9391-14DF171D2073): 37
LogDevObjectVersion:   Dev-Mobile (B02B49B5-BB20-44E9-A304-32B752E40360): 3
LogDevObjectVersion:   Dev-Networking (A4E4105C-59A1-49B5-A7C5-40C4547EDFEE): 0
LogDevObjectVersion:   Dev-Online (39C831C9-5AE6-47DC-9A44-9C173E1C8E7C): 0
LogDevObjectVersion:   Dev-Physics (78F01B33-EBEA-4F98-B9B4-84EACCB95AA2): 14
LogDevObjectVersion:   Dev-Platform (6631380F-2D4D-43E0-8009-CF276956A95A): 0
LogDevObjectVersion:   Dev-Rendering (12F88B9F-8875-4AFC-A67C-D90C383ABD29): 45
LogDevObjectVersion:   Dev-Sequencer (7B5AE74C-D270-4C10-A958-57980B212A5A): 13
LogDevObjectVersion:   Dev-VR (D7296918-1DD6-4BDD-9DE2-64A83CC13884): 3
LogDevObjectVersion:   Dev-LoadTimes (C2A15278-BFE7-4AFE-6C17-90FF531DF755): 1
LogDevObjectVersion:   Private-Geometry (6EACA3D4-40EC-4CC1-B786-8BED09428FC5): 3
LogDevObjectVersion:   Dev-AnimPhys (29E575DD-E0A3-4627-9D10-D276232CDCEA): 17
LogDevObjectVersion:   Dev-Anim (AF43A65D-7FD3-4947-9873-3E8ED9C1BB05): 15
LogDevObjectVersion:   Dev-ReflectionCapture (6B266CEC-1EC7-4B8F-A30B-E4D90942FC07): 1
LogDevObjectVersion:   Dev-Automation (0DF73D61-A23F-47EA-B727-89E90C41499A): 1
LogDevObjectVersion:   FortniteMain (601D1886-AC64-4F84-AA16-D3DE0DEAC7D6): 47
LogDevObjectVersion:   FortniteRelease (E7086368-6B23-4C58-8439-1B7016265E91): 1
LogDevObjectVersion:   Dev-Enterprise (9DFFBCD6-494F-0158-E221-12823C92A888): 10
LogDevObjectVersion:   Dev-Niagara (F2AED0AC-9AFE-416F-8664-AA7FFA26D6FC): 1
LogDevObjectVersion:   Dev-Destruction (174F1F0B-B4C6-45A5-B13F-2EE8D0FB917D): 10
LogDevObjectVersion:   Dev-Physics-Ext (35F94A83-E258-406C-A318-09F59610247C): 41
LogDevObjectVersion:   Dev-PhysicsMaterial-Chaos (B68FC16E-8B1B-42E2-B453-215C058844FE): 1
LogDevObjectVersion:   Dev-CineCamera (B2E18506-4273-CFC2-A54E-F4BB758BBA07): 1
LogDevObjectVersion:   Dev-VirtualProduction (64F58936-FD1B-42BA-BA96-7289D5D0FA4E): 1
LogDevObjectVersion:   Dev-MediaFramework (6F0ED827-A609-4895-9C91-998D90180EA4): 2
LogInit: Presizing for max 2097152 objects, including 1 objects not considered by GC, pre-allocating 0 bytes for permanent pool.
LogConfig: Applying CVar settings from Section [/Script/Engine.StreamingSettings] File [../../../Vs/Saved/Config/WindowsServer/Engine.ini]
LogConfig: Setting CVar [[s.MinBulkDataSizeForAsyncLoading:131072]]
LogConfig: Setting CVar [[s.AsyncLoadingThreadEnabled:0]]
LogConfig: Setting CVar [[s.EventDrivenLoaderEnabled:1]]
LogConfig: Setting CVar [[s.WarnIfTimeLimitExceeded:0]]
LogConfig: Setting CVar [[s.TimeLimitExceededMultiplier:1.5]]
LogConfig: Setting CVar [[s.TimeLimitExceededMinTime:0.005]]
LogConfig: Setting CVar [[s.UseBackgroundLevelStreaming:1]]
LogConfig: Setting CVar [[s.PriorityAsyncLoadingExtraTime:15.0]]
LogConfig: Setting CVar [[s.LevelStreamingActorsUpdateTimeLimit:5.0]]
LogConfig: Setting CVar [[s.PriorityLevelStreamingActorsUpdateExtraTime:5.0]]
LogConfig: Setting CVar [[s.LevelStreamingComponentsRegistrationGranularity:10]]
LogConfig: Setting CVar [[s.UnregisterComponentsTimeLimit:1.0]]
LogConfig: Setting CVar [[s.LevelStreamingComponentsUnregistrationGranularity:5]]
LogConfig: Setting CVar [[s.FlushStreamingOnExit:1]]
LogStreaming: Display: Async Loading initialized: Event Driven Loader: true, Async Loading Thread: false, Async Post Load: false
LogInit: Object subsystem initialized
LogConfig: Setting CVar [[con.DebugEarlyDefault:1]]
LogConfig: Setting CVar [[r.setres:1280x720]]
LogConfig: Setting CVar [[fx.NiagaraAllowRuntimeScalabilityChanges:1]]
[2023.06.16-13.08.45:677][  0]LogConfig: Setting CVar [[con.DebugEarlyDefault:1]]
[2023.06.16-13.08.45:677][  0]LogConfig: Setting CVar [[r.setres:1280x720]]
[2023.06.16-13.08.45:677][  0]LogConfig: Setting CVar [[fx.NiagaraAllowRuntimeScalabilityChanges:1]]
[2023.06.16-13.08.45:677][  0]LogConfig: Applying CVar settings from Section [/Script/Engine.RendererSettings] File [../../../Vs/Saved/Config/WindowsServer/Engine.ini]
[2023.06.16-13.08.45:677][  0]LogConfig: Setting CVar [[r.GPUCrashDebugging:0]]
[2023.06.16-13.08.45:677][  0]LogConfig: Applying CVar settings from Section [/Script/Engine.RendererOverrideSettings] File [../../../Vs/Saved/Config/WindowsServer/Engine.ini]
[2023.06.16-13.08.45:677][  0]LogConfig: Applying CVar settings from Section [/Script/Engine.StreamingSettings] File [../../../Vs/Saved/Config/WindowsServer/Engine.ini]
[2023.06.16-13.08.45:677][  0]LogConfig: Setting CVar [[s.MinBulkDataSizeForAsyncLoading:131072]]
[2023.06.16-13.08.45:677][  0]LogConfig: Setting CVar [[s.AsyncLoadingThreadEnabled:0]]
[2023.06.16-13.08.45:677][  0]LogConfig: Setting CVar [[s.EventDrivenLoaderEnabled:1]]
[2023.06.16-13.08.45:677][  0]LogConfig: Setting CVar [[s.WarnIfTimeLimitExceeded:0]]
[2023.06.16-13.08.45:677][  0]LogConfig: Setting CVar [[s.TimeLimitExceededMultiplier:1.5]]
[2023.06.16-13.08.45:677][  0]LogConfig: Setting CVar [[s.TimeLimitExceededMinTime:0.005]]
[2023.06.16-13.08.45:677][  0]LogConfig: Setting CVar [[s.UseBackgroundLevelStreaming:1]]
[2023.06.16-13.08.45:678][  0]LogConfig: Setting CVar [[s.PriorityAsyncLoadingExtraTime:15.0]]
[2023.06.16-13.08.45:678][  0]LogConfig: Setting CVar [[s.LevelStreamingActorsUpdateTimeLimit:5.0]]
[2023.06.16-13.08.45:678][  0]LogConfig: Setting CVar [[s.PriorityLevelStreamingActorsUpdateExtraTime:5.0]]
[2023.06.16-13.08.45:678][  0]LogConfig: Setting CVar [[s.LevelStreamingComponentsRegistrationGranularity:10]]
[2023.06.16-13.08.45:678][  0]LogConfig: Setting CVar [[s.UnregisterComponentsTimeLimit:1.0]]
[2023.06.16-13.08.45:678][  0]LogConfig: Setting CVar [[s.LevelStreamingComponentsUnregistrationGranularity:5]]
[2023.06.16-13.08.45:678][  0]LogConfig: Setting CVar [[s.FlushStreamingOnExit:1]]
[2023.06.16-13.08.45:678][  0]LogConfig: Applying CVar settings from Section [/Script/Engine.GarbageCollectionSettings] File [../../../Vs/Saved/Config/WindowsServer/Engine.ini]
[2023.06.16-13.08.45:678][  0]LogConfig: Setting CVar [[gc.MaxObjectsNotConsideredByGC:1]]
[2023.06.16-13.08.45:678][  0]LogConfig: Setting CVar [[gc.SizeOfPermanentObjectPool:0]]
[2023.06.16-13.08.45:678][  0]LogConfig: Setting CVar [[gc.FlushStreamingOnGC:0]]
[2023.06.16-13.08.45:678][  0]LogConfig: Setting CVar [[gc.NumRetriesBeforeForcingGC:10]]
[2023.06.16-13.08.45:678][  0]LogConfig: Setting CVar [[gc.AllowParallelGC:1]]
[2023.06.16-13.08.45:678][  0]LogConfig: Setting CVar [[gc.TimeBetweenPurgingPendingKillObjects:61.1]]
[2023.06.16-13.08.45:678][  0]LogConfig: Setting CVar [[gc.MaxObjectsInEditor:25165824]]
[2023.06.16-13.08.45:678][  0]LogConfig: Setting CVar [[gc.IncrementalBeginDestroyEnabled:1]]
[2023.06.16-13.08.45:678][  0]LogConfig: Setting CVar [[gc.CreateGCClusters:1]]
[2023.06.16-13.08.45:678][  0]LogConfig: Setting CVar [[gc.MinGCClusterSize:5]]
[2023.06.16-13.08.45:678][  0]LogConfig: Setting CVar [[gc.ActorClusteringEnabled:0]]
[2023.06.16-13.08.45:678][  0]LogConfig: Setting CVar [[gc.BlueprintClusteringEnabled:0]]
[2023.06.16-13.08.45:678][  0]LogConfig: Setting CVar [[gc.UseDisregardForGCOnDedicatedServers:0]]
[2023.06.16-13.08.45:678][  0]LogConfig: Setting CVar [[gc.MultithreadedDestructionEnabled:1]]
[2023.06.16-13.08.45:678][  0]LogConfig: Applying CVar settings from Section [/Script/Engine.NetworkSettings] File [../../../Vs/Saved/Config/WindowsServer/Engine.ini]
[2023.06.16-13.08.45:679][  0]LogConfig: Applying CVar settings from Section [ViewDistanceQuality@3] File [../../../Vs/Saved/Config/WindowsServer/Scalability.ini]
[2023.06.16-13.08.45:679][  0]LogConfig: Setting CVar [[r.SkeletalMeshLODBias:0]]
[2023.06.16-13.08.45:679][  0]LogConfig: Setting CVar [[r.ViewDistanceScale:1.0]]
[2023.06.16-13.08.45:679][  0]LogConfig: Applying CVar settings from Section [AntiAliasingQuality@3] File [../../../Vs/Saved/Config/WindowsServer/Scalability.ini]
[2023.06.16-13.08.45:679][  0]LogConfig: Setting CVar [[r.PostProcessAAQuality:4]]
[2023.06.16-13.08.45:679][  0]LogConfig: Applying CVar settings from Section [ShadowQuality@3] File [../../../Vs/Saved/Config/WindowsServer/Scalability.ini]
[2023.06.16-13.08.45:679][  0]LogConfig: Setting CVar [[r.LightFunctionQuality:1]]
[2023.06.16-13.08.45:679][  0]LogConfig: Setting CVar [[r.ShadowQuality:5]]
[2023.06.16-13.08.45:679][  0]LogConfig: Setting CVar [[r.Shadow.CSM.MaxCascades:10]]
[2023.06.16-13.08.45:679][  0]LogConfig: Setting CVar [[r.Shadow.MaxResolution:2048]]
[2023.06.16-13.08.45:679][  0]LogConfig: Setting CVar [[r.Shadow.MaxCSMResolution:2048]]
[2023.06.16-13.08.45:680][  0]LogConfig: Setting CVar [[r.Shadow.RadiusThreshold:0.01]]
[2023.06.16-13.08.45:683][  0]LogConfig: Setting CVar [[r.Shadow.DistanceScale:1.0]]
[2023.06.16-13.08.45:684][  0]LogConfig: Setting CVar [[r.Shadow.CSM.TransitionScale:1.0]]
[2023.06.16-13.08.45:685][  0]LogConfig: Setting CVar [[r.Shadow.PreShadowResolutionFactor:1.0]]
[2023.06.16-13.08.45:688][  0]LogConfig: Setting CVar [[r.DistanceFieldShadowing:1]]
[2023.06.16-13.08.45:688][  0]LogConfig: Setting CVar [[r.DistanceFieldAO:1]]
[2023.06.16-13.08.45:689][  0]LogConfig: Setting CVar [[r.AOQuality:2]]
[2023.06.16-13.08.45:689][  0]LogConfig: Setting CVar [[r.VolumetricFog:1]]
[2023.06.16-13.08.45:689][  0]LogConfig: Setting CVar [[r.VolumetricFog.GridPixelSize:8]]
[2023.06.16-13.08.45:690][  0]LogConfig: Setting CVar [[r.VolumetricFog.GridSizeZ:128]]
[2023.06.16-13.08.45:690][  0]LogConfig: Setting CVar [[r.VolumetricFog.HistoryMissSupersampleCount:4]]
[2023.06.16-13.08.45:690][  0]LogConfig: Setting CVar [[r.LightMaxDrawDistanceScale:1]]
[2023.06.16-13.08.45:691][  0]LogConfig: Setting CVar [[r.CapsuleShadows:1]]
[2023.06.16-13.08.45:691][  0]LogConfig: Applying CVar settings from Section [PostProcessQuality@3] File [../../../Vs/Saved/Config/WindowsServer/Scalability.ini]
[2023.06.16-13.08.45:692][  0]LogConfig: Setting CVar [[r.MotionBlurQuality:4]]
[2023.06.16-13.08.45:692][  0]LogConfig: Setting CVar [[r.AmbientOcclusionMipLevelFactor:0.4]]
[2023.06.16-13.08.45:693][  0]LogConfig: Setting CVar [[r.AmbientOcclusionMaxQuality:100]]
[2023.06.16-13.08.45:693][  0]LogConfig: Setting CVar [[r.AmbientOcclusionLevels:-1]]
[2023.06.16-13.08.45:693][  0]LogConfig: Setting CVar [[r.AmbientOcclusionRadiusScale:1.0]]
[2023.06.16-13.08.45:694][  0]LogConfig: Setting CVar [[r.DepthOfFieldQuality:2]]
[2023.06.16-13.08.45:694][  0]LogConfig: Setting CVar [[r.RenderTargetPoolMin:400]]
[2023.06.16-13.08.45:695][  0]LogConfig: Setting CVar [[r.LensFlareQuality:2]]
[2023.06.16-13.08.45:696][  0]LogConfig: Setting CVar [[r.SceneColorFringeQuality:1]]
[2023.06.16-13.08.45:697][  0]LogConfig: Setting CVar [[r.EyeAdaptationQuality:2]]
[2023.06.16-13.08.45:698][  0]LogConfig: Setting CVar [[r.BloomQuality:5]]
[2023.06.16-13.08.45:698][  0]LogConfig: Setting CVar [[r.FastBlurThreshold:100]]
[2023.06.16-13.08.45:698][  0]LogConfig: Setting CVar [[r.Upscale.Quality:3]]
[2023.06.16-13.08.45:699][  0]LogConfig: Setting CVar [[r.Tonemapper.GrainQuantization:1]]
[2023.06.16-13.08.45:699][  0]LogConfig: Setting CVar [[r.LightShaftQuality:1]]
[2023.06.16-13.08.45:700][  0]LogConfig: Setting CVar [[r.Filter.SizeScale:1]]
[2023.06.16-13.08.45:700][  0]LogConfig: Setting CVar [[r.Tonemapper.Quality:5]]
[2023.06.16-13.08.45:701][  0]LogConfig: Setting CVar [[r.DOF.Gather.AccumulatorQuality:1        ; higher gathering accumulator quality]]
[2023.06.16-13.08.45:701][  0]LogConfig: Setting CVar [[r.DOF.Gather.PostfilterMethod:1          ; Median3x3 postfilering method]]
[2023.06.16-13.08.45:701][  0]LogConfig: Setting CVar [[r.DOF.Gather.EnableBokehSettings:0       ; no bokeh simulation when gathering]]
[2023.06.16-13.08.45:701][  0]LogConfig: Setting CVar [[r.DOF.Gather.RingCount:4                 ; medium number of samples when gathering]]
[2023.06.16-13.08.45:701][  0]LogConfig: Setting CVar [[r.DOF.Scatter.ForegroundCompositing:1    ; additive foreground scattering]]
[2023.06.16-13.08.45:701][  0]LogConfig: Setting CVar [[r.DOF.Scatter.BackgroundCompositing:2    ; additive background scattering]]
[2023.06.16-13.08.45:702][  0]LogConfig: Setting CVar [[r.DOF.Scatter.EnableBokehSettings:1      ; bokeh simulation when scattering]]
[2023.06.16-13.08.45:702][  0]LogConfig: Setting CVar [[r.DOF.Scatter.MaxSpriteRatio:0.1         ; only a maximum of 10% of scattered bokeh]]
[2023.06.16-13.08.45:702][  0]LogConfig: Setting CVar [[r.DOF.Recombine.Quality:1                ; cheap slight out of focus]]
[2023.06.16-13.08.45:703][  0]LogConfig: Setting CVar [[r.DOF.Recombine.EnableBokehSettings:0    ; no bokeh simulation on slight out of focus]]
[2023.06.16-13.08.45:703][  0]LogConfig: Setting CVar [[r.DOF.TemporalAAQuality:1                ; more stable temporal accumulation]]
[2023.06.16-13.08.45:703][  0]LogConfig: Setting CVar [[r.DOF.Kernel.MaxForegroundRadius:0.025]]
[2023.06.16-13.08.45:704][  0]LogConfig: Setting CVar [[r.DOF.Kernel.MaxBackgroundRadius:0.025]]
[2023.06.16-13.08.45:704][  0]LogConfig: Applying CVar settings from Section [TextureQuality@3] File [../../../Vs/Saved/Config/WindowsServer/Scalability.ini]
[2023.06.16-13.08.45:704][  0]LogConfig: Setting CVar [[r.Streaming.MipBias:0]]
[2023.06.16-13.08.45:704][  0]LogConfig: Setting CVar [[r.Streaming.AmortizeCPUToGPUCopy:0]]
[2023.06.16-13.08.45:705][  0]LogConfig: Setting CVar [[r.Streaming.MaxNumTexturesToStreamPerFrame:0]]
[2023.06.16-13.08.45:707][  0]LogConfig: Setting CVar [[r.Streaming.Boost:1]]
[2023.06.16-13.08.45:707][  0]LogConfig: Setting CVar [[r.MaxAnisotropy:8]]
[2023.06.16-13.08.45:708][  0]LogConfig: Setting CVar [[r.VT.MaxAnisotropy:8]]
[2023.06.16-13.08.45:709][  0]LogConfig: Setting CVar [[r.Streaming.LimitPoolSizeToVRAM:0]]
[2023.06.16-13.08.45:709][  0]LogConfig: Setting CVar [[r.Streaming.PoolSize:1000]]
[2023.06.16-13.08.45:709][  0]LogConfig: Setting CVar [[r.Streaming.MaxEffectiveScreenSize:0]]
[2023.06.16-13.08.45:710][  0]LogConfig: Applying CVar settings from Section [EffectsQuality@3] File [../../../Vs/Saved/Config/WindowsServer/Scalability.ini]
[2023.06.16-13.08.45:712][  0]LogConfig: Setting CVar [[r.TranslucencyLightingVolumeDim:64]]
[2023.06.16-13.08.45:712][  0]LogConfig: Setting CVar [[r.RefractionQuality:2]]
[2023.06.16-13.08.45:714][  0]LogConfig: Setting CVar [[r.SSR.Quality:3]]
[2023.06.16-13.08.45:714][  0]LogConfig: Setting CVar [[r.SSR.HalfResSceneColor:0]]
[2023.06.16-13.08.45:715][  0]LogConfig: Setting CVar [[r.SceneColorFormat:4]]
[2023.06.16-13.08.45:715][  0]LogConfig: Setting CVar [[r.DetailMode:2]]
[2023.06.16-13.08.45:717][  0]LogConfig: Setting CVar [[r.TranslucencyVolumeBlur:1]]
[2023.06.16-13.08.45:717][  0]LogConfig: Setting CVar [[r.MaterialQualityLevel:1 ; High quality]]
[2023.06.16-13.08.45:717][  0]LogConfig: Setting CVar [[r.AnisotropicMaterials:1]]
[2023.06.16-13.08.45:717][  0]LogConfig: Setting CVar [[r.SSS.Scale:1]]
[2023.06.16-13.08.45:718][  0]LogConfig: Setting CVar [[r.SSS.SampleSet:2]]
[2023.06.16-13.08.45:718][  0]LogConfig: Setting CVar [[r.SSS.Quality:1]]
[2023.06.16-13.08.45:719][  0]LogConfig: Setting CVar [[r.SSS.HalfRes:0]]
[2023.06.16-13.08.45:719][  0]LogConfig: Setting CVar [[r.SSGI.Quality:3]]
[2023.06.16-13.08.45:720][  0]LogConfig: Setting CVar [[r.EmitterSpawnRateScale:1.0]]
[2023.06.16-13.08.45:720][  0]LogConfig: Setting CVar [[r.ParticleLightQuality:2]]
[2023.06.16-13.08.45:721][  0]LogConfig: Setting CVar [[r.SkyAtmosphere.AerialPerspectiveLUT.FastApplyOnOpaque:1 ; Always have FastSkyLUT 1 in this case to avoid wrong sky]]
[2023.06.16-13.08.45:721][  0]LogConfig: Setting CVar [[r.SkyAtmosphere.AerialPerspectiveLUT.SampleCountMaxPerSlice:4]]
[2023.06.16-13.08.45:721][  0]LogConfig: Setting CVar [[r.SkyAtmosphere.AerialPerspectiveLUT.DepthResolution:16.0]]
[2023.06.16-13.08.45:722][  0]LogConfig: Setting CVar [[r.SkyAtmosphere.FastSkyLUT:1]]
[2023.06.16-13.08.45:722][  0]LogConfig: Setting CVar [[r.SkyAtmosphere.FastSkyLUT.SampleCountMin:4.0]]
[2023.06.16-13.08.45:722][  0]LogConfig: Setting CVar [[r.SkyAtmosphere.FastSkyLUT.SampleCountMax:128.0]]
[2023.06.16-13.08.45:722][  0]LogConfig: Setting CVar [[r.SkyAtmosphere.SampleCountMin:4.0]]
[2023.06.16-13.08.45:723][  0]LogConfig: Setting CVar [[r.SkyAtmosphere.SampleCountMax:128.0]]
[2023.06.16-13.08.45:723][  0]LogConfig: Setting CVar [[r.SkyAtmosphere.TransmittanceLUT.UseSmallFormat:0]]
[2023.06.16-13.08.45:724][  0]LogConfig: Setting CVar [[r.SkyAtmosphere.TransmittanceLUT.SampleCount:10.0]]
[2023.06.16-13.08.45:725][  0]LogConfig: Setting CVar [[r.SkyAtmosphere.MultiScatteringLUT.SampleCount:15.0]]
[2023.06.16-13.08.45:726][  0]LogConfig: Setting CVar [[r.SkyLight.RealTimeReflectionCapture:1]]
[2023.06.16-13.08.45:727][  0]LogConfig: Setting CVar [[fx.Niagara.QualityLevel:3]]
[2023.06.16-13.08.45:727][  0]LogConfig: Applying CVar settings from Section [FoliageQuality@3] File [../../../Vs/Saved/Config/WindowsServer/Scalability.ini]
[2023.06.16-13.08.45:728][  0]LogConfig: Setting CVar [[foliage.DensityScale:1.0]]
[2023.06.16-13.08.45:728][  0]LogConfig: Setting CVar [[grass.DensityScale:1.0]]
[2023.06.16-13.08.45:728][  0]LogConfig: Applying CVar settings from Section [ShadingQuality@3] File [../../../Vs/Saved/Config/WindowsServer/Scalability.ini]
[2023.06.16-13.08.45:728][  0]LogConfig: Setting CVar [[r.HairStrands.SkyLighting.IntegrationType:2]]
[2023.06.16-13.08.45:728][  0]LogConfig: Setting CVar [[r.HairStrands.SkyAO.SampleCount:4]]
[2023.06.16-13.08.45:728][  0]LogConfig: Setting CVar [[r.HairStrands.Visibility.MSAA.SamplePerPixel:4]]
[2023.06.16-13.08.45:728][  0]LogInit: Selected Device Profile: [WindowsServer]
[2023.06.16-13.08.45:728][  0]LogInit: Applying CVar settings loaded from the selected device profile: [WindowsServer]
[2023.06.16-13.08.45:729][  0]LogHAL: Display: Platform has ~ 32 GB [34282242048 / 34359738368 / 32], which maps to Largest [LargestMinGB=32, LargerMinGB=12, DefaultMinGB=8, SmallerMinGB=6, SmallestMinGB=0)
[2023.06.16-13.08.45:729][  0]LogInit: Going up to parent DeviceProfile [Windows]
[2023.06.16-13.08.45:729][  0]LogInit: Going up to parent DeviceProfile []
[2023.06.16-13.08.45:729][  0]LogConfig: Applying CVar settings from Section [ViewDistanceQuality@3] File [../../../Vs/Saved/Config/WindowsServer/Scalability.ini]
[2023.06.16-13.08.45:730][  0]LogConfig: Setting CVar [[r.SkeletalMeshLODBias:0]]
[2023.06.16-13.08.45:730][  0]LogConfig: Setting CVar [[r.ViewDistanceScale:1.0]]
[2023.06.16-13.08.45:731][  0]LogConfig: Applying CVar settings from Section [AntiAliasingQuality@3] File [../../../Vs/Saved/Config/WindowsServer/Scalability.ini]
[2023.06.16-13.08.45:731][  0]LogConfig: Setting CVar [[r.PostProcessAAQuality:4]]
[2023.06.16-13.08.45:731][  0]LogConfig: Applying CVar settings from Section [ShadowQuality@3] File [../../../Vs/Saved/Config/WindowsServer/Scalability.ini]
[2023.06.16-13.08.45:732][  0]LogConfig: Setting CVar [[r.LightFunctionQuality:1]]
[2023.06.16-13.08.45:732][  0]LogConfig: Setting CVar [[r.ShadowQuality:5]]
[2023.06.16-13.08.45:733][  0]LogConfig: Setting CVar [[r.Shadow.CSM.MaxCascades:10]]
[2023.06.16-13.08.45:733][  0]LogConfig: Setting CVar [[r.Shadow.MaxResolution:2048]]
[2023.06.16-13.08.45:733][  0]LogConfig: Setting CVar [[r.Shadow.MaxCSMResolution:2048]]
[2023.06.16-13.08.45:734][  0]LogConfig: Setting CVar [[r.Shadow.RadiusThreshold:0.01]]
[2023.06.16-13.08.45:736][  0]LogConfig: Setting CVar [[r.Shadow.DistanceScale:1.0]]
[2023.06.16-13.08.45:737][  0]LogConfig: Setting CVar [[r.Shadow.CSM.TransitionScale:1.0]]
[2023.06.16-13.08.45:737][  0]LogConfig: Setting CVar [[r.Shadow.PreShadowResolutionFactor:1.0]]
[2023.06.16-13.08.45:738][  0]LogConfig: Setting CVar [[r.DistanceFieldShadowing:1]]
[2023.06.16-13.08.45:738][  0]LogConfig: Setting CVar [[r.DistanceFieldAO:1]]
[2023.06.16-13.08.45:739][  0]LogConfig: Setting CVar [[r.AOQuality:2]]
[2023.06.16-13.08.45:739][  0]LogConfig: Setting CVar [[r.VolumetricFog:1]]
[2023.06.16-13.08.45:741][  0]LogConfig: Setting CVar [[r.VolumetricFog.GridPixelSize:8]]
[2023.06.16-13.08.45:742][  0]LogConfig: Setting CVar [[r.VolumetricFog.GridSizeZ:128]]
[2023.06.16-13.08.45:743][  0]LogConfig: Setting CVar [[r.VolumetricFog.HistoryMissSupersampleCount:4]]
[2023.06.16-13.08.45:744][  0]LogConfig: Setting CVar [[r.LightMaxDrawDistanceScale:1]]
[2023.06.16-13.08.45:744][  0]LogConfig: Setting CVar [[r.CapsuleShadows:1]]
[2023.06.16-13.08.45:745][  0]LogConfig: Applying CVar settings from Section [PostProcessQuality@3] File [../../../Vs/Saved/Config/WindowsServer/Scalability.ini]
[2023.06.16-13.08.45:747][  0]LogConfig: Setting CVar [[r.MotionBlurQuality:4]]
[2023.06.16-13.08.45:747][  0]LogConfig: Setting CVar [[r.AmbientOcclusionMipLevelFactor:0.4]]
[2023.06.16-13.08.45:748][  0]LogConfig: Setting CVar [[r.AmbientOcclusionMaxQuality:100]]
[2023.06.16-13.08.45:748][  0]LogConfig: Setting CVar [[r.AmbientOcclusionLevels:-1]]
[2023.06.16-13.08.45:749][  0]LogConfig: Setting CVar [[r.AmbientOcclusionRadiusScale:1.0]]
[2023.06.16-13.08.45:749][  0]LogConfig: Setting CVar [[r.DepthOfFieldQuality:2]]
[2023.06.16-13.08.45:750][  0]LogConfig: Setting CVar [[r.RenderTargetPoolMin:400]]
[2023.06.16-13.08.45:750][  0]LogConfig: Setting CVar [[r.LensFlareQuality:2]]
[2023.06.16-13.08.45:751][  0]LogConfig: Setting CVar [[r.SceneColorFringeQuality:1]]
[2023.06.16-13.08.45:751][  0]LogConfig: Setting CVar [[r.EyeAdaptationQuality:2]]
[2023.06.16-13.08.45:751][  0]LogConfig: Setting CVar [[r.BloomQuality:5]]
[2023.06.16-13.08.45:752][  0]LogConfig: Setting CVar [[r.FastBlurThreshold:100]]
[2023.06.16-13.08.45:752][  0]LogConfig: Setting CVar [[r.Upscale.Quality:3]]
[2023.06.16-13.08.45:753][  0]LogConfig: Setting CVar [[r.Tonemapper.GrainQuantization:1]]
[2023.06.16-13.08.45:754][  0]LogConfig: Setting CVar [[r.LightShaftQuality:1]]
[2023.06.16-13.08.45:754][  0]LogConfig: Setting CVar [[r.Filter.SizeScale:1]]
[2023.06.16-13.08.45:755][  0]LogConfig: Setting CVar [[r.Tonemapper.Quality:5]]
[2023.06.16-13.08.45:756][  0]LogConfig: Setting CVar [[r.DOF.Gather.AccumulatorQuality:1        ; higher gathering accumulator quality]]
[2023.06.16-13.08.45:756][  0]LogConfig: Setting CVar [[r.DOF.Gather.PostfilterMethod:1          ; Median3x3 postfilering method]]
[2023.06.16-13.08.45:756][  0]LogConfig: Setting CVar [[r.DOF.Gather.EnableBokehSettings:0       ; no bokeh simulation when gathering]]
[2023.06.16-13.08.45:757][  0]LogConfig: Setting CVar [[r.DOF.Gather.RingCount:4                 ; medium number of samples when gathering]]
[2023.06.16-13.08.45:757][  0]LogConfig: Setting CVar [[r.DOF.Scatter.ForegroundCompositing:1    ; additive foreground scattering]]
[2023.06.16-13.08.45:758][  0]LogConfig: Setting CVar [[r.DOF.Scatter.BackgroundCompositing:2    ; additive background scattering]]
[2023.06.16-13.08.45:758][  0]LogConfig: Setting CVar [[r.DOF.Scatter.EnableBokehSettings:1      ; bokeh simulation when scattering]]
[2023.06.16-13.08.45:759][  0]LogConfig: Setting CVar [[r.DOF.Scatter.MaxSpriteRatio:0.1         ; only a maximum of 10% of scattered bokeh]]
[2023.06.16-13.08.45:759][  0]LogConfig: Setting CVar [[r.DOF.Recombine.Quality:1                ; cheap slight out of focus]]
[2023.06.16-13.08.45:760][  0]LogConfig: Setting CVar [[r.DOF.Recombine.EnableBokehSettings:0    ; no bokeh simulation on slight out of focus]]
[2023.06.16-13.08.45:761][  0]LogConfig: Setting CVar [[r.DOF.TemporalAAQuality:1                ; more stable temporal accumulation]]
[2023.06.16-13.08.45:761][  0]LogConfig: Setting CVar [[r.DOF.Kernel.MaxForegroundRadius:0.025]]
[2023.06.16-13.08.45:762][  0]LogConfig: Setting CVar [[r.DOF.Kernel.MaxBackgroundRadius:0.025]]
[2023.06.16-13.08.45:762][  0]LogConfig: Applying CVar settings from Section [TextureQuality@3] File [../../../Vs/Saved/Config/WindowsServer/Scalability.ini]
[2023.06.16-13.08.45:763][  0]LogConfig: Setting CVar [[r.Streaming.MipBias:0]]
[2023.06.16-13.08.45:764][  0]LogConfig: Setting CVar [[r.Streaming.AmortizeCPUToGPUCopy:0]]
[2023.06.16-13.08.45:764][  0]LogConfig: Setting CVar [[r.Streaming.MaxNumTexturesToStreamPerFrame:0]]
[2023.06.16-13.08.45:765][  0]LogConfig: Setting CVar [[r.Streaming.Boost:1]]
[2023.06.16-13.08.45:765][  0]LogConfig: Setting CVar [[r.MaxAnisotropy:8]]
[2023.06.16-13.08.45:766][  0]LogConfig: Setting CVar [[r.VT.MaxAnisotropy:8]]
[2023.06.16-13.08.45:766][  0]LogConfig: Setting CVar [[r.Streaming.LimitPoolSizeToVRAM:0]]
[2023.06.16-13.08.45:766][  0]LogConfig: Setting CVar [[r.Streaming.PoolSize:1000]]
[2023.06.16-13.08.45:767][  0]LogConfig: Setting CVar [[r.Streaming.MaxEffectiveScreenSize:0]]
[2023.06.16-13.08.45:767][  0]LogConfig: Applying CVar settings from Section [EffectsQuality@3] File [../../../Vs/Saved/Config/WindowsServer/Scalability.ini]
[2023.06.16-13.08.45:768][  0]LogConfig: Setting CVar [[r.TranslucencyLightingVolumeDim:64]]
[2023.06.16-13.08.45:768][  0]LogConfig: Setting CVar [[r.RefractionQuality:2]]
[2023.06.16-13.08.45:768][  0]LogConfig: Setting CVar [[r.SSR.Quality:3]]
[2023.06.16-13.08.45:769][  0]LogConfig: Setting CVar [[r.SSR.HalfResSceneColor:0]]
[2023.06.16-13.08.45:769][  0]LogConfig: Setting CVar [[r.SceneColorFormat:4]]
[2023.06.16-13.08.45:770][  0]LogConfig: Setting CVar [[r.DetailMode:2]]
[2023.06.16-13.08.45:770][  0]LogConfig: Setting CVar [[r.TranslucencyVolumeBlur:1]]
[2023.06.16-13.08.45:771][  0]LogConfig: Setting CVar [[r.MaterialQualityLevel:1 ; High quality]]
[2023.06.16-13.08.45:771][  0]LogConfig: Setting CVar [[r.AnisotropicMaterials:1]]
[2023.06.16-13.08.45:771][  0]LogConfig: Setting CVar [[r.SSS.Scale:1]]
[2023.06.16-13.08.45:772][  0]LogConfig: Setting CVar [[r.SSS.SampleSet:2]]
[2023.06.16-13.08.45:773][  0]LogConfig: Setting CVar [[r.SSS.Quality:1]]
[2023.06.16-13.08.45:774][  0]LogConfig: Setting CVar [[r.SSS.HalfRes:0]]
[2023.06.16-13.08.45:774][  0]LogConfig: Setting CVar [[r.SSGI.Quality:3]]
[2023.06.16-13.08.45:774][  0]LogConfig: Setting CVar [[r.EmitterSpawnRateScale:1.0]]
[2023.06.16-13.08.45:774][  0]LogConfig: Setting CVar [[r.ParticleLightQuality:2]]
[2023.06.16-13.08.45:774][  0]LogConfig: Setting CVar [[r.SkyAtmosphere.AerialPerspectiveLUT.FastApplyOnOpaque:1 ; Always have FastSkyLUT 1 in this case to avoid wrong sky]]
[2023.06.16-13.08.45:774][  0]LogConfig: Setting CVar [[r.SkyAtmosphere.AerialPerspectiveLUT.SampleCountMaxPerSlice:4]]
[2023.06.16-13.08.45:774][  0]LogConfig: Setting CVar [[r.SkyAtmosphere.AerialPerspectiveLUT.DepthResolution:16.0]]
[2023.06.16-13.08.45:774][  0]LogConfig: Setting CVar [[r.SkyAtmosphere.FastSkyLUT:1]]
[2023.06.16-13.08.45:775][  0]LogConfig: Setting CVar [[r.SkyAtmosphere.FastSkyLUT.SampleCountMin:4.0]]
[2023.06.16-13.08.45:775][  0]LogConfig: Setting CVar [[r.SkyAtmosphere.FastSkyLUT.SampleCountMax:128.0]]
[2023.06.16-13.08.45:775][  0]LogConfig: Setting CVar [[r.SkyAtmosphere.SampleCountMin:4.0]]
[2023.06.16-13.08.45:775][  0]LogConfig: Setting CVar [[r.SkyAtmosphere.SampleCountMax:128.0]]
[2023.06.16-13.08.45:776][  0]LogConfig: Setting CVar [[r.SkyAtmosphere.TransmittanceLUT.UseSmallFormat:0]]
[2023.06.16-13.08.45:776][  0]LogConfig: Setting CVar [[r.SkyAtmosphere.TransmittanceLUT.SampleCount:10.0]]
[2023.06.16-13.08.45:776][  0]LogConfig: Setting CVar [[r.SkyAtmosphere.MultiScatteringLUT.SampleCount:15.0]]
[2023.06.16-13.08.45:777][  0]LogConfig: Setting CVar [[r.SkyLight.RealTimeReflectionCapture:1]]
[2023.06.16-13.08.45:777][  0]LogConfig: Setting CVar [[fx.Niagara.QualityLevel:3]]
[2023.06.16-13.08.45:778][  0]LogConfig: Applying CVar settings from Section [FoliageQuality@3] File [../../../Vs/Saved/Config/WindowsServer/Scalability.ini]
[2023.06.16-13.08.45:778][  0]LogConfig: Setting CVar [[foliage.DensityScale:1.0]]
[2023.06.16-13.08.45:779][  0]LogConfig: Setting CVar [[grass.DensityScale:1.0]]
[2023.06.16-13.08.45:779][  0]LogConfig: Applying CVar settings from Section [ShadingQuality@3] File [../../../Vs/Saved/Config/WindowsServer/Scalability.ini]
[2023.06.16-13.08.45:780][  0]LogConfig: Setting CVar [[r.HairStrands.SkyLighting.IntegrationType:2]]
[2023.06.16-13.08.45:780][  0]LogConfig: Setting CVar [[r.HairStrands.SkyAO.SampleCount:4]]
[2023.06.16-13.08.45:780][  0]LogConfig: Setting CVar [[r.HairStrands.Visibility.MSAA.SamplePerPixel:4]]
[2023.06.16-13.08.45:780][  0]LogConfig: Applying CVar settings from Section [Startup] File [../../../Engine/Config/ConsoleVariables.ini]
[2023.06.16-13.08.45:781][  0]LogConfig: Setting CVar [[net.UseAdaptiveNetUpdateFrequency:0]]
[2023.06.16-13.08.45:782][  0]LogConfig: Setting CVar [[p.chaos.AllowCreatePhysxBodies:1]]
[2023.06.16-13.08.45:783][  0]LogConfig: Setting CVar [[fx.SkipVectorVMBackendOptimizations:1]]
[2023.06.16-13.08.45:783][  0]LogConfig: Applying CVar settings from Section [ConsoleVariables] File [../../../Vs/Saved/Config/WindowsServer/Engine.ini]
[2023.06.16-13.08.45:784][  0]LogInit: Computer: IAS-1268
[2023.06.16-13.08.45:784][  0]LogInit: User: WenboMT3502
[2023.06.16-13.08.45:784][  0]LogInit: CPU Page size=4096, Cores=8
[2023.06.16-13.08.45:785][  0]LogInit: High frequency timer resolution =10.000000 MHz
[2023.06.16-13.08.45:785][  0]LogMemory: Memory total: Physical=31.9GB (32GB approx)
[2023.06.16-13.08.45:786][  0]LogMemory: Platform Memory Stats for WindowsServer
[2023.06.16-13.08.45:786][  0]LogMemory: Process Physical Memory: 73.87 MB used, 73.87 MB peak
[2023.06.16-13.08.45:786][  0]LogMemory: Process Virtual Memory: 75.29 MB used, 75.29 MB peak
[2023.06.16-13.08.45:787][  0]LogMemory: Physical Memory: 20259.30 MB used,  12434.79 MB free, 32694.09 MB total
[2023.06.16-13.08.45:787][  0]LogMemory: Virtual Memory: 134208024.00 MB used,  9706.52 MB free, 134217728.00 MB total
[2023.06.16-13.08.45:791][  0]LogWindows: WindowsPlatformFeatures disabled or dedicated server build
[2023.06.16-13.08.45:811][  0]LogInit: Physics initialised using underlying interface: PhysX
[2023.06.16-13.08.45:811][  0]LogInit: Using OS detected language (en-US).
[2023.06.16-13.08.45:812][  0]LogInit: Using OS detected locale (en-DE).
[2023.06.16-13.08.45:813][  0]LogTextLocalizationManager: No specific localization for 'en-US' exists, so the 'en' localization will be used.
[2023.06.16-13.08.45:828][  0]LogRendererCore: Ray tracing is disabled. Reason: r.RayTracing=0.
[2023.06.16-13.08.45:828][  0]LogODSC: ODSC Thread active.
[2023.06.16-13.08.45:832][  0]LogInit: Using OS detected language (en-US).
[2023.06.16-13.08.45:832][  0]LogInit: Using OS detected locale (en-DE).
[2023.06.16-13.08.45:834][  0]LogTextLocalizationManager: No localization for 'en-US' exists, so 'en' will be used for the language.
[2023.06.16-13.08.45:834][  0]LogTextLocalizationManager: No localization for 'en-DE' exists, so 'en' will be used for the locale.
[2023.06.16-13.08.45:838][  0]LogTextLocalizationManager: Compacting localization data took   0.40ms
[2023.06.16-13.08.45:838][  0]LogAssetRegistry: FAssetRegistry took 0.0004 seconds to start up
[2023.06.16-13.08.45:883][  0]LogStreaming: Display: FlushAsyncLoading: 1 QueuedPackages, 0 AsyncPackages
[2023.06.16-13.08.45:884][  0]LogPackageLocalizationCache: Processed 26 localized package path(s) for 1 prioritized culture(s) in 0.000044 seconds
[2023.06.16-13.08.45:884][  0]LogPakFile: New pak file ../../../Vs/Content/Paks/Vs-WindowsServer.pak added to pak precacher.
[2023.06.16-13.08.45:886][  0]LogInit: Selected Device Profile: [WindowsServer]
[2023.06.16-13.08.45:886][  0]LogInit: Active device profile: [0000020EF322F580][0000020EEFC2DB70 49] WindowsServer
[2023.06.16-13.08.45:886][  0]LogInit: Profiles: [0000020EF322F700][0000020EF1D56DC0 49] Windows, [0000020EF322F580][0000020EEFC2DB70 49] WindowsServer, 
[2023.06.16-13.08.45:892][  0]LogSerialization: Display: AllowBulkDataInIoStore: 'true'
[2023.06.16-13.08.45:896][  0]LogNetVersion: Vs 1.0.0, NetCL: 0, EngineNetVer: 17, GameNetVer: 0 (Checksum: 2642858735)
[2023.06.16-13.08.45:911][  0]LogAudioCaptureCore: Display: No Audio Capture implementations found. Audio input will be silent.
[2023.06.16-13.08.45:912][  0]LogAudioCaptureCore: Display: No Audio Capture implementations found. Audio input will be silent.
[2023.06.16-13.08.45:913][  0]LogHMD: PokeAHoleMaterial loaded successfully
[2023.06.16-13.08.45:933][  0]LogUObjectArray: 15918 objects as part of root set at end of initial load.
[2023.06.16-13.08.45:933][  0]LogUObjectAllocator: 3293720 out of 0 bytes used by permanent object pool.
[2023.06.16-13.08.45:933][  0]LogUObjectArray: CloseDisregardForGC: 15918/0 objects in disregard for GC pool
[2023.06.16-13.08.45:937][  0]LogNiagaraDebuggerClient: Niagara Debugger Client Initialized | Session: B89D3852487C91CEFEC1CE859BE8F1BF | Instance: E583176E4A10F4002FA01CA41C9B3A9C (IAS-1268-35268).
[2023.06.16-13.08.45:938][  0]LogAndroidPermission: UAndroidPermissionCallbackProxy::GetInstance
[2023.06.16-13.08.45:938][  0]LogOcInput: OculusInput pre-init called
[2023.06.16-13.08.45:939][  0]LogEngine: Initializing Engine...
[2023.06.16-13.08.45:939][  0]LogStats: UGameplayTagsManager::InitializeManager -  0.000 s
[2023.06.16-13.08.45:943][  0]LogInit: Initializing FReadOnlyCVARCache
[2023.06.16-13.08.45:943][  0]LogNetVersion: Set ProjectVersion to 1.0.0.0. Version Checksum will be recalculated on next use.
[2023.06.16-13.08.45:944][  0]LogInit: Texture streaming: Disabled
[2023.06.16-13.08.45:948][  0]LogInit: Display: Game Engine Initialized.
[2023.06.16-13.08.45:948][  0]LogInit: Display: Starting Game.
[2023.06.16-13.08.45:949][  0]LogNet: Browse: /Game/Vs/Maps/ServerMap?Name=Player
[2023.06.16-13.08.45:949][  0]LogLoad: LoadMap: /Game/Vs/Maps/ServerMap?Name=Player
[2023.06.16-13.08.45:949][  0]LogWorld: BeginTearingDown for /Temp/Untitled_0
[2023.06.16-13.08.45:952][  0]LogWorld: UWorld::CleanupWorld for Untitled, bSessionEnded=true, bCleanupResources=true
[2023.06.16-13.08.45:953][  0]LogUObjectHash: Compacting FUObjectHashTables data took   0.48ms
[2023.06.16-13.08.45:965][  0]LogAIModule: Creating AISystem for world ServerMap
[2023.06.16-13.08.45:966][  0]LogLoad: Game class is 'VsGameMode'
[2023.06.16-13.08.45:966][  0]LogNet: ReplicationDriverClass is null! Not using ReplicationDriver.
[2023.06.16-13.08.45:967][  0]LogNetCore: DDoS detection status: detection enabled: 0 analytics enabled: 0
[2023.06.16-13.08.45:967][  0]LogInit: WinSock: Socket queue. Rx: 131072 (config 131072) Tx: 131072 (config 131072)
[2023.06.16-13.08.45:968][  0]LogNet: Created socket for bind address: 0.0.0.0 on port 7777
[2023.06.16-13.08.45:968][  0]PacketHandlerLog: Loaded PacketHandler component: Engine.EngineHandlerComponentFactory (StatelessConnectHandlerComponent)
[2023.06.16-13.08.45:969][  0]LogNet: GameNetDriver IpNetDriver_2147482567 IpNetDriver listening on port 7777
[2023.06.16-13.08.45:970][  0]LogWorld: Bringing World /Game/Vs/Maps/ServerMap.ServerMap up for play (max tick rate 30) at 2023.06.16-15.08.45
[2023.06.16-13.08.45:970][  0]LogWorld: Bringing up level for play took: 0.000523
[2023.06.16-13.08.45:971][  0]LogLoad: Took 0.021370 seconds to LoadMap(/Game/Vs/Maps/ServerMap)
[2023.06.16-13.08.45:971][  0]LogPakFile: AllPaks IndexSizes: DirectoryHashSize=206212, PathHashSize=16, EntriesSize=32752, TotalSize=238980
[2023.06.16-13.08.45:971][  0]LogInit: Display: Engine is initialized. Leaving FEngineLoop::Init()
[2023.06.16-13.08.45:972][  0]LogLoad: (Engine Initialization) Total time: 0.59 seconds
[2023.06.16-13.09.24:344][153]LogNet: NotifyAcceptingConnection accepted from: 127.0.0.1:51268
[2023.06.16-13.09.24:344][153]LogHandshake: SendConnectChallenge. Timestamp: 38.371928, Cookie: 010162083148177044134218234092035077082109083097115151200124
[2023.06.16-13.09.24:377][154]LogNet: NotifyAcceptingConnection accepted from: 127.0.0.1:51268
[2023.06.16-13.09.24:377][154]LogHandshake: SendChallengeAck. InCookie: 010162083148177044134218234092035077082109083097115151200124
[2023.06.16-13.09.24:377][154]LogNet: Server accepting post-challenge connection from: 127.0.0.1:51268
[2023.06.16-13.09.24:378][154]PacketHandlerLog: Loaded PacketHandler component: Engine.EngineHandlerComponentFactory (StatelessConnectHandlerComponent)
[2023.06.16-13.09.24:378][154]LogNet: NotifyAcceptedConnection: Name: ServerMap, TimeStamp: 06/16/23 15:09:24, [UNetConnection] RemoteAddr: 127.0.0.1:51268, Name: IpConnection_2147482560, Driver: GameNetDriver IpNetDriver_2147482567, IsServer: YES, PC: NULL, Owner: NULL, UniqueId: INVALID
[2023.06.16-13.09.24:378][154]LogNet: AddClientConnection: Added client connection: [UNetConnection] RemoteAddr: 127.0.0.1:51268, Name: IpConnection_2147482560, Driver: GameNetDriver IpNetDriver_2147482567, IsServer: YES, PC: NULL, Owner: NULL, UniqueId: INVALID
[2023.06.16-13.09.24:410][155]LogNet: NotifyAcceptingChannel Control 0 server World /Game/Vs/Maps/ServerMap.ServerMap: Accepted
[2023.06.16-13.09.24:410][155]LogNet: Remote platform little endian=1
[2023.06.16-13.09.24:410][155]LogNet: This platform little endian=1
[2023.06.16-13.09.24:410][155]LogNetVersion: Vs 1.0.0.0, NetCL: 0, EngineNetVer: 17, GameNetVer: 0 (Checksum: 597677488)
[2023.06.16-13.09.24:443][156]LogNet: Login request: ?Name=IAS-1268-8136336946D14D1A979B578B4AAF1457 userId: NULL:IAS-1268-8136336946D14D1A979B578B4AAF1457 platform: NULL
[2023.06.16-13.09.24:477][157]LogNet: Client netspeed is 100000
[2023.06.16-13.09.24:543][159]LogNet: Join request: /Game/Vs/Maps/ServerMap?Name=IAS-1268-8136336946D14D1A979B578B4AAF1457?SplitscreenCount=1
[2023.06.16-13.09.24:543][159]LogOnlineSession: Warning: OSS: No game present to join for session (GameSession)
[2023.06.16-13.09.24:546][159]LogNet: Join succeeded: IAS-1268-8136336946D
[2023.06.16-13.09.56:610][129]LogNetPackageMap: Warning: Using None instead of replicated reference to TextRenderActor /Game/Vs/Maps/ClientMap.ClientMap:PersistentLevel.TemplateLabel because the level it's in has not been made visible
[2023.06.16-13.09.56:611][129]LogNet: UChannel::ReceivedSequencedBunch: Bunch.bClose == true. ChIndex == 0. Calling ConditionalCleanUp.
[2023.06.16-13.09.56:611][129]LogNet: UChannel::CleanUp: ChIndex == 0. Closing connection. [UChannel] ChIndex: 0, Closing: 0 [UNetConnection] RemoteAddr: 127.0.0.1:51268, Name: IpConnection_2147482560, Driver: GameNetDriver IpNetDriver_2147482567, IsServer: YES, PC: PlayerController_2147482556, Owner: PlayerController_2147482556, UniqueId: NULL:IAS-1268-8136336946D14D1A979B578B4AAF1457
[2023.06.16-13.09.56:611][129]LogNet: UNetConnection::Close: [UNetConnection] RemoteAddr: 127.0.0.1:51268, Name: IpConnection_2147482560, Driver: GameNetDriver IpNetDriver_2147482567, IsServer: YES, PC: PlayerController_2147482556, Owner: PlayerController_2147482556, UniqueId: NULL:IAS-1268-8136336946D14D1A979B578B4AAF1457, Channels: 9, Time: 2023.06.16-13.09.56
[2023.06.16-13.09.56:611][129]LogNet: UChannel::Close: Sending CloseBunch. ChIndex == 0. Name: [UChannel] ChIndex: 0, Closing: 0 [UNetConnection] RemoteAddr: 127.0.0.1:51268, Name: IpConnection_2147482560, Driver: GameNetDriver IpNetDriver_2147482567, IsServer: YES, PC: PlayerController_2147482556, Owner: PlayerController_2147482556, UniqueId: NULL:IAS-1268-8136336946D14D1A979B578B4AAF1457
[2023.06.16-13.09.56:612][129]LogOnlineSession: Warning: OSS: No game present to leave for session (GameSession)
[2023.06.16-13.11.07:177][251]LogNet: NotifyAcceptingConnection accepted from: 127.0.0.1:61786
[2023.06.16-13.11.07:177][251]LogHandshake: SendConnectChallenge. Timestamp: 141.205111, Cookie: 166056078106159056128033127018047246215070072107017252089208
[2023.06.16-13.11.07:211][252]LogNet: NotifyAcceptingConnection accepted from: 127.0.0.1:61786
[2023.06.16-13.11.07:211][252]LogHandshake: SendChallengeAck. InCookie: 166056078106159056128033127018047246215070072107017252089208
[2023.06.16-13.11.07:211][252]LogNet: Server accepting post-challenge connection from: 127.0.0.1:61786
[2023.06.16-13.11.07:211][252]PacketHandlerLog: Loaded PacketHandler component: Engine.EngineHandlerComponentFactory (StatelessConnectHandlerComponent)
[2023.06.16-13.11.07:212][252]LogNet: NotifyAcceptedConnection: Name: ServerMap, TimeStamp: 06/16/23 15:11:07, [UNetConnection] RemoteAddr: 127.0.0.1:61786, Name: IpConnection_2147482531, Driver: GameNetDriver IpNetDriver_2147482567, IsServer: YES, PC: NULL, Owner: NULL, UniqueId: INVALID
[2023.06.16-13.11.07:212][252]LogNet: AddClientConnection: Added client connection: [UNetConnection] RemoteAddr: 127.0.0.1:61786, Name: IpConnection_2147482531, Driver: GameNetDriver IpNetDriver_2147482567, IsServer: YES, PC: NULL, Owner: NULL, UniqueId: INVALID
[2023.06.16-13.11.07:244][253]LogNet: NotifyAcceptingChannel Control 0 server World /Game/Vs/Maps/ServerMap.ServerMap: Accepted
[2023.06.16-13.11.07:244][253]LogNet: Remote platform little endian=1
[2023.06.16-13.11.07:245][253]LogNet: This platform little endian=1
[2023.06.16-13.11.07:278][254]LogNet: Login request: ?Name=IAS-1268-396F50314A97BB384F0047A80880EDAC userId: NULL:IAS-1268-396F50314A97BB384F0047A80880EDAC platform: NULL
[2023.06.16-13.11.07:311][255]LogNet: Client netspeed is 100000
[2023.06.16-13.11.07:376][257]LogNet: Join request: /Game/Vs/Maps/ServerMap?Name=IAS-1268-396F50314A97BB384F0047A80880EDAC?SplitscreenCount=1
[2023.06.16-13.11.07:377][257]LogOnlineSession: Warning: OSS: No game present to join for session (GameSession)
[2023.06.16-13.11.07:378][257]LogNet: Join succeeded: IAS-1268-396F50314A9
[2023.06.16-13.11.23:675][751]LogNet: NotifyAcceptingConnection accepted from: 127.0.0.1:54459
[2023.06.16-13.11.23:675][751]LogHandshake: SendConnectChallenge. Timestamp: 157.702957, Cookie: 186077005089015049174134106065029165246019255004040184222225
[2023.06.16-13.11.23:708][752]LogNet: NotifyAcceptingConnection accepted from: 127.0.0.1:54459
[2023.06.16-13.11.23:708][752]LogHandshake: SendChallengeAck. InCookie: 186077005089015049174134106065029165246019255004040184222225
[2023.06.16-13.11.23:708][752]LogNet: Server accepting post-challenge connection from: 127.0.0.1:54459
[2023.06.16-13.11.23:709][752]PacketHandlerLog: Loaded PacketHandler component: Engine.EngineHandlerComponentFactory (StatelessConnectHandlerComponent)
[2023.06.16-13.11.23:709][752]LogNet: NotifyAcceptedConnection: Name: ServerMap, TimeStamp: 06/16/23 15:11:23, [UNetConnection] RemoteAddr: 127.0.0.1:54459, Name: IpConnection_2147482504, Driver: GameNetDriver IpNetDriver_2147482567, IsServer: YES, PC: NULL, Owner: NULL, UniqueId: INVALID
[2023.06.16-13.11.23:709][752]LogNet: AddClientConnection: Added client connection: [UNetConnection] RemoteAddr: 127.0.0.1:54459, Name: IpConnection_2147482504, Driver: GameNetDriver IpNetDriver_2147482567, IsServer: YES, PC: NULL, Owner: NULL, UniqueId: INVALID
[2023.06.16-13.11.23:741][753]LogNet: NotifyAcceptingChannel Control 0 server World /Game/Vs/Maps/ServerMap.ServerMap: Accepted
[2023.06.16-13.11.23:741][753]LogNet: Remote platform little endian=1
[2023.06.16-13.11.23:742][753]LogNet: This platform little endian=1
[2023.06.16-13.11.23:775][754]LogNet: Login request: ?Name=IAS-1268-C4B3B6594AC61327FC9933B9133EDFC1 userId: NULL:IAS-1268-C4B3B6594AC61327FC9933B9133EDFC1 platform: NULL
[2023.06.16-13.11.23:808][755]LogNet: Client netspeed is 100000
[2023.06.16-13.11.23:874][757]LogNet: Join request: /Game/Vs/Maps/ServerMap?Name=IAS-1268-C4B3B6594AC61327FC9933B9133EDFC1?SplitscreenCount=1
[2023.06.16-13.11.23:874][757]LogOnlineSession: Warning: OSS: No game present to join for session (GameSession)
[2023.06.16-13.11.23:875][757]LogNet: Join succeeded: IAS-1268-C4B3B6594AC
[2023.06.16-13.11.30:750][965]LogNetPackageMap: Warning: Using None instead of replicated reference to TextRenderActor /Game/Vs/Maps/ClientMap.ClientMap:PersistentLevel.TemplateLabel because the level it's in has not been made visible
[2023.06.16-13.11.30:751][965]LogNet: UChannel::ReceivedSequencedBunch: Bunch.bClose == true. ChIndex == 0. Calling ConditionalCleanUp.
[2023.06.16-13.11.30:751][965]LogNet: UChannel::CleanUp: ChIndex == 0. Closing connection. [UChannel] ChIndex: 0, Closing: 0 [UNetConnection] RemoteAddr: 127.0.0.1:61786, Name: IpConnection_2147482531, Driver: GameNetDriver IpNetDriver_2147482567, IsServer: YES, PC: PlayerController_2147482527, Owner: PlayerController_2147482527, UniqueId: NULL:IAS-1268-396F50314A97BB384F0047A80880EDAC
[2023.06.16-13.11.30:751][965]LogNet: UNetConnection::Close: [UNetConnection] RemoteAddr: 127.0.0.1:61786, Name: IpConnection_2147482531, Driver: GameNetDriver IpNetDriver_2147482567, IsServer: YES, PC: PlayerController_2147482527, Owner: PlayerController_2147482527, UniqueId: NULL:IAS-1268-396F50314A97BB384F0047A80880EDAC, Channels: 11, Time: 2023.06.16-13.11.30
[2023.06.16-13.11.30:751][965]LogNet: UChannel::Close: Sending CloseBunch. ChIndex == 0. Name: [UChannel] ChIndex: 0, Closing: 0 [UNetConnection] RemoteAddr: 127.0.0.1:61786, Name: IpConnection_2147482531, Driver: GameNetDriver IpNetDriver_2147482567, IsServer: YES, PC: PlayerController_2147482527, Owner: PlayerController_2147482527, UniqueId: NULL:IAS-1268-396F50314A97BB384F0047A80880EDAC
[2023.06.16-13.11.30:751][965]LogNetPackageMap: Warning: Using None instead of replicated reference to TextRenderActor /Game/Vs/Maps/ClientMap.ClientMap:PersistentLevel.TemplateLabel because the level it's in has not been made visible
[2023.06.16-13.11.30:752][965]LogNet: UChannel::ReceivedSequencedBunch: Bunch.bClose == true. ChIndex == 0. Calling ConditionalCleanUp.
[2023.06.16-13.11.30:752][965]LogNet: UChannel::CleanUp: ChIndex == 0. Closing connection. [UChannel] ChIndex: 0, Closing: 0 [UNetConnection] RemoteAddr: 127.0.0.1:54459, Name: IpConnection_2147482504, Driver: GameNetDriver IpNetDriver_2147482567, IsServer: YES, PC: PlayerController_2147482500, Owner: PlayerController_2147482500, UniqueId: NULL:IAS-1268-C4B3B6594AC61327FC9933B9133EDFC1
[2023.06.16-13.11.30:752][965]LogNet: UNetConnection::Close: [UNetConnection] RemoteAddr: 127.0.0.1:54459, Name: IpConnection_2147482504, Driver: GameNetDriver IpNetDriver_2147482567, IsServer: YES, PC: PlayerController_2147482500, Owner: PlayerController_2147482500, UniqueId: NULL:IAS-1268-C4B3B6594AC61327FC9933B9133EDFC1, Channels: 11, Time: 2023.06.16-13.11.30
[2023.06.16-13.11.30:752][965]LogNet: UChannel::Close: Sending CloseBunch. ChIndex == 0. Name: [UChannel] ChIndex: 0, Closing: 0 [UNetConnection] RemoteAddr: 127.0.0.1:54459, Name: IpConnection_2147482504, Driver: GameNetDriver IpNetDriver_2147482567, IsServer: YES, PC: PlayerController_2147482500, Owner: PlayerController_2147482500, UniqueId: NULL:IAS-1268-C4B3B6594AC61327FC9933B9133EDFC1
[2023.06.16-13.11.30:753][965]LogOnlineSession: Warning: OSS: No game present to leave for session (GameSession)
[2023.06.16-13.11.30:753][965]LogOnlineSession: Warning: OSS: No game present to leave for session (GameSession)
